Terminals unused in grammar

   TRUE
   FALSE
   PRECMAX


Grammar

    0 $accept: Program $end

    1 Program: Decl

    2 Decl: VariableDecl OtraDecl
    3     | FunctionDecl OtraDecl
    4     | ClassDecl OtraDecl
    5     | InterfaceDecl OtraDecl

    6 OtraDecl: Decl OtraDecl
    7         | %empty

    8 VariableDecl: Variable SEMICOLON

    9 Variable: Type ID

   10 Type: INT
   11     | DOUBLE
   12     | BOOL
   13     | STRING
   14     | Type LBRACKET RBRACKET

   15 FunctionDecl: Type ID LPAREN Formals RPAREN StmtBlock
   16             | VOID ID LPAREN Formals RPAREN StmtBlock

   17 Formals: Variable FormalsVars
   18        | %empty

   19 FormalsVars: COMMA Variable FormalsVars
   20            | %empty

   21 ClassDecl: CLASS ID ExtendDecl ImplementsDecl LBRACE Field RBRACE

   22 ExtendDecl: EXTENDS ID
   23           | %empty

   24 ImplementsDecl: IMPLEMENTS ID OtroID
   25               | %empty

   26 OtroID: COMMA ID OtroID
   27       | %empty

   28 Field: VariableDecl Field
   29      | FunctionDecl Field
   30      | %empty

   31 InterfaceDecl: INTERFACE ID LBRACE Prototype RBRACE

   32 Prototype: Type ID LPAREN Formals RPAREN SEMICOLON Prototype
   33          | VOID ID LPAREN Formals RPAREN SEMICOLON Prototype
   34          | %empty

   35 StmtBlock: LBRACE BlockVariables BlockStmts RBRACE

   36 BlockVariables: VariableDecl BlockVariables
   37               | %empty

   38 BlockStmts: Stmt BlockStmts
   39           | %empty

   40 Stmt: ExprOpcional SEMICOLON
   41     | IfStmt
   42     | WhileStmt
   43     | ForStmt
   44     | BreakStmt
   45     | ReturnStmt
   46     | PrintStmt
   47     | StmtBlock

   48 IfStmt: IF LPAREN Expr RPAREN Stmt ElseStmt

   49 ElseStmt: ELSE Stmt
   50         | %empty

   51 WhileStmt: WHILE LPAREN Expr RPAREN Stmt

   52 ForStmt: FOR LPAREN ExprOpcional SEMICOLON ExprOpcional SEMICOLON ExprOpcional RPAREN Stmt

   53 ReturnStmt: RETURN ExprOpcional SEMICOLON

   54 BreakStmt: BREAK SEMICOLON

   55 PrintStmt: PRINT LPAREN Expr OtraExpr RPAREN SEMICOLON

   56 OtraExpr: COMMA Expr OtraExpr
   57         | %empty

   58 ExprOpcional: Expr
   59             | %empty

   60 Expr: LValue EQUAL Expr
   61     | Constant
   62     | LValue
   63     | THIS
   64     | Call
   65     | LPAREN Expr RPAREN
   66     | Expr SUM Expr
   67     | Expr SUBTRACTION Expr
   68     | Expr MULTIPLICATION Expr
   69     | Expr DIVISION Expr
   70     | Expr MODULE Expr
   71     | SUBTRACTION Expr
   72     | Expr LESSTHAN Expr
   73     | Expr LESSEQUALTHAN Expr
   74     | Expr GREATERTHAN Expr
   75     | Expr GREATEREQUALTHAN Expr
   76     | Expr EEQUAL Expr
   77     | Expr DISTINCT Expr
   78     | Expr AND Expr
   79     | Expr OR Expr
   80     | NEGATION Expr
   81     | READINTEGER LPAREN RPAREN
   82     | READLINE LPAREN RPAREN
   83     | NEW LPAREN ID RPAREN
   84     | NEWARRAY LPAREN Expr COMMA Type RPAREN

   85 LValue: ID
   86       | Expr DOT ID
   87       | Expr LBRACKET Expr RBRACKET

   88 Call: ID LPAREN Actuals RPAREN
   89     | Expr DOT ID LPAREN Actuals RPAREN

   90 Actuals: Expr OtraExpr
   91        | %empty

   92 Constant: CONSINTEGERDEC
   93         | CONSINTEGERHEX
   94         | CONSDOUBLEDEC
   95         | CONSDOUBLECIEN
   96         | CONSBOOLEAN
   97         | CONSSTRING
   98         | TNULL


Terminals, with rules where they appear

$end (0) 0
error (256)
CLASS (258) 21
VOID (259) 16 33
STRING (260) 13
THIS (261) 63
WHILE (262) 51
BREAK (263) 54
READINTEGER (264) 81
INT (265) 10
EXTENDS (266) 22
IF (267) 48
NEW (268) 83
READLINE (269) 82
DOUBLE (270) 11
INTERFACE (271) 31
IMPLEMENTS (272) 24
ELSE (273) 49
NEWARRAY (274) 84
TRUE (275)
BOOL (276) 12
TNULL (277) 98
FOR (278) 52
RETURN (279) 53
PRINT (280) 55
FALSE (281)
ID (282) 9 15 16 21 22 24 26 31 32 33 83 85 86 88 89
CONSINTEGERDEC (283) 92
CONSINTEGERHEX (284) 93
CONSDOUBLEDEC (285) 94
CONSDOUBLECIEN (286) 95
CONSSTRING (287) 97
CONSBOOLEAN (288) 96
SUM (289) 66
SUBTRACTION (290) 67 71
MULTIPLICATION (291) 68
DIVISION (292) 69
MODULE (293) 70
LESSTHAN (294) 72
LESSEQUALTHAN (295) 73
GREATERTHAN (296) 74
GREATEREQUALTHAN (297) 75
EQUAL (298) 60
EEQUAL (299) 76
DISTINCT (300) 77
AND (301) 78
OR (302) 79
NEGATION (303) 80
SEMICOLON (304) 8 32 33 40 52 53 54 55
COMMA (305) 19 26 56 84
DOT (306) 86 89
LBRACKET (307) 14 87
RBRACKET (308) 14 87
LPAREN (309) 15 16 32 33 48 51 52 55 65 81 82 83 84 88 89
RPAREN (310) 15 16 32 33 48 51 52 55 65 81 82 83 84 88 89
LBRACE (311) 21 31 35
RBRACE (312) 21 31 35
PRECMIN (313)
PRECMAX (314)


Nonterminals, with rules where they appear

$accept (60)
    on left: 0
Program (61)
    on left: 1, on right: 0
Decl (62)
    on left: 2 3 4 5, on right: 1 6
OtraDecl (63)
    on left: 6 7, on right: 2 3 4 5 6
VariableDecl (64)
    on left: 8, on right: 2 28 36
Variable (65)
    on left: 9, on right: 8 17 19
Type (66)
    on left: 10 11 12 13 14, on right: 9 14 15 32 84
FunctionDecl (67)
    on left: 15 16, on right: 3 29
Formals (68)
    on left: 17 18, on right: 15 16 32 33
FormalsVars (69)
    on left: 19 20, on right: 17 19
ClassDecl (70)
    on left: 21, on right: 4
ExtendDecl (71)
    on left: 22 23, on right: 21
ImplementsDecl (72)
    on left: 24 25, on right: 21
OtroID (73)
    on left: 26 27, on right: 24 26
Field (74)
    on left: 28 29 30, on right: 21 28 29
InterfaceDecl (75)
    on left: 31, on right: 5
Prototype (76)
    on left: 32 33 34, on right: 31 32 33
StmtBlock (77)
    on left: 35, on right: 15 16 47
BlockVariables (78)
    on left: 36 37, on right: 35 36
BlockStmts (79)
    on left: 38 39, on right: 35 38
Stmt (80)
    on left: 40 41 42 43 44 45 46 47, on right: 38 48 49 51 52
IfStmt (81)
    on left: 48, on right: 41
ElseStmt (82)
    on left: 49 50, on right: 48
WhileStmt (83)
    on left: 51, on right: 42
ForStmt (84)
    on left: 52, on right: 43
ReturnStmt (85)
    on left: 53, on right: 45
BreakStmt (86)
    on left: 54, on right: 44
PrintStmt (87)
    on left: 55, on right: 46
OtraExpr (88)
    on left: 56 57, on right: 55 56 90
ExprOpcional (89)
    on left: 58 59, on right: 40 52 53
Expr (90)
    on left: 60 61 62 63 64 65 66 67 68 69 70 71 72 73 74 75 76 77
    78 79 80 81 82 83 84, on right: 48 51 55 56 58 60 65 66 67 68 69
    70 71 72 73 74 75 76 77 78 79 80 84 86 87 89 90
LValue (91)
    on left: 85 86 87, on right: 60 62
Call (92)
    on left: 88 89, on right: 64
Actuals (93)
    on left: 90 91, on right: 88 89
Constant (94)
    on left: 92 93 94 95 96 97 98, on right: 61


State 0

    0 $accept: . Program $end

    CLASS      shift, and go to state 1
    VOID       shift, and go to state 2
    STRING     shift, and go to state 3
    INT        shift, and go to state 4
    DOUBLE     shift, and go to state 5
    INTERFACE  shift, and go to state 6
    BOOL       shift, and go to state 7

    Program        go to state 8
    Decl           go to state 9
    VariableDecl   go to state 10
    Variable       go to state 11
    Type           go to state 12
    FunctionDecl   go to state 13
    ClassDecl      go to state 14
    InterfaceDecl  go to state 15


State 1

   21 ClassDecl: CLASS . ID ExtendDecl ImplementsDecl LBRACE Field RBRACE

    ID  shift, and go to state 16


State 2

   16 FunctionDecl: VOID . ID LPAREN Formals RPAREN StmtBlock

    ID  shift, and go to state 17


State 3

   13 Type: STRING .

    $default  reduce using rule 13 (Type)


State 4

   10 Type: INT .

    $default  reduce using rule 10 (Type)


State 5

   11 Type: DOUBLE .

    $default  reduce using rule 11 (Type)


State 6

   31 InterfaceDecl: INTERFACE . ID LBRACE Prototype RBRACE

    ID  shift, and go to state 18


State 7

   12 Type: BOOL .

    $default  reduce using rule 12 (Type)


State 8

    0 $accept: Program . $end

    $end  shift, and go to state 19


State 9

    1 Program: Decl .

    $default  reduce using rule 1 (Program)


State 10

    2 Decl: VariableDecl . OtraDecl

    CLASS      shift, and go to state 1
    VOID       shift, and go to state 2
    STRING     shift, and go to state 3
    INT        shift, and go to state 4
    DOUBLE     shift, and go to state 5
    INTERFACE  shift, and go to state 6
    BOOL       shift, and go to state 7

    $default  reduce using rule 7 (OtraDecl)

    Decl           go to state 20
    OtraDecl       go to state 21
    VariableDecl   go to state 10
    Variable       go to state 11
    Type           go to state 12
    FunctionDecl   go to state 13
    ClassDecl      go to state 14
    InterfaceDecl  go to state 15


State 11

    8 VariableDecl: Variable . SEMICOLON

    SEMICOLON  shift, and go to state 22


State 12

    9 Variable: Type . ID
   14 Type: Type . LBRACKET RBRACKET
   15 FunctionDecl: Type . ID LPAREN Formals RPAREN StmtBlock

    ID        shift, and go to state 23
    LBRACKET  shift, and go to state 24


State 13

    3 Decl: FunctionDecl . OtraDecl

    CLASS      shift, and go to state 1
    VOID       shift, and go to state 2
    STRING     shift, and go to state 3
    INT        shift, and go to state 4
    DOUBLE     shift, and go to state 5
    INTERFACE  shift, and go to state 6
    BOOL       shift, and go to state 7

    $default  reduce using rule 7 (OtraDecl)

    Decl           go to state 20
    OtraDecl       go to state 25
    VariableDecl   go to state 10
    Variable       go to state 11
    Type           go to state 12
    FunctionDecl   go to state 13
    ClassDecl      go to state 14
    InterfaceDecl  go to state 15


State 14

    4 Decl: ClassDecl . OtraDecl

    CLASS      shift, and go to state 1
    VOID       shift, and go to state 2
    STRING     shift, and go to state 3
    INT        shift, and go to state 4
    DOUBLE     shift, and go to state 5
    INTERFACE  shift, and go to state 6
    BOOL       shift, and go to state 7

    $default  reduce using rule 7 (OtraDecl)

    Decl           go to state 20
    OtraDecl       go to state 26
    VariableDecl   go to state 10
    Variable       go to state 11
    Type           go to state 12
    FunctionDecl   go to state 13
    ClassDecl      go to state 14
    InterfaceDecl  go to state 15


State 15

    5 Decl: InterfaceDecl . OtraDecl

    CLASS      shift, and go to state 1
    VOID       shift, and go to state 2
    STRING     shift, and go to state 3
    INT        shift, and go to state 4
    DOUBLE     shift, and go to state 5
    INTERFACE  shift, and go to state 6
    BOOL       shift, and go to state 7

    $default  reduce using rule 7 (OtraDecl)

    Decl           go to state 20
    OtraDecl       go to state 27
    VariableDecl   go to state 10
    Variable       go to state 11
    Type           go to state 12
    FunctionDecl   go to state 13
    ClassDecl      go to state 14
    InterfaceDecl  go to state 15


State 16

   21 ClassDecl: CLASS ID . ExtendDecl ImplementsDecl LBRACE Field RBRACE

    EXTENDS  shift, and go to state 28

    $default  reduce using rule 23 (ExtendDecl)

    ExtendDecl  go to state 29


State 17

   16 FunctionDecl: VOID ID . LPAREN Formals RPAREN StmtBlock

    LPAREN  shift, and go to state 30


State 18

   31 InterfaceDecl: INTERFACE ID . LBRACE Prototype RBRACE

    LBRACE  shift, and go to state 31


State 19

    0 $accept: Program $end .

    $default  accept


State 20

    6 OtraDecl: Decl . OtraDecl

    CLASS      shift, and go to state 1
    VOID       shift, and go to state 2
    STRING     shift, and go to state 3
    INT        shift, and go to state 4
    DOUBLE     shift, and go to state 5
    INTERFACE  shift, and go to state 6
    BOOL       shift, and go to state 7

    $default  reduce using rule 7 (OtraDecl)

    Decl           go to state 20
    OtraDecl       go to state 32
    VariableDecl   go to state 10
    Variable       go to state 11
    Type           go to state 12
    FunctionDecl   go to state 13
    ClassDecl      go to state 14
    InterfaceDecl  go to state 15


State 21

    2 Decl: VariableDecl OtraDecl .

    $default  reduce using rule 2 (Decl)


State 22

    8 VariableDecl: Variable SEMICOLON .

    $default  reduce using rule 8 (VariableDecl)


State 23

    9 Variable: Type ID .
   15 FunctionDecl: Type ID . LPAREN Formals RPAREN StmtBlock

    LPAREN  shift, and go to state 33

    $default  reduce using rule 9 (Variable)


State 24

   14 Type: Type LBRACKET . RBRACKET

    RBRACKET  shift, and go to state 34


State 25

    3 Decl: FunctionDecl OtraDecl .

    $default  reduce using rule 3 (Decl)


State 26

    4 Decl: ClassDecl OtraDecl .

    $default  reduce using rule 4 (Decl)


State 27

    5 Decl: InterfaceDecl OtraDecl .

    $default  reduce using rule 5 (Decl)


State 28

   22 ExtendDecl: EXTENDS . ID

    ID  shift, and go to state 35


State 29

   21 ClassDecl: CLASS ID ExtendDecl . ImplementsDecl LBRACE Field RBRACE

    IMPLEMENTS  shift, and go to state 36

    $default  reduce using rule 25 (ImplementsDecl)

    ImplementsDecl  go to state 37


State 30

   16 FunctionDecl: VOID ID LPAREN . Formals RPAREN StmtBlock

    STRING  shift, and go to state 3
    INT     shift, and go to state 4
    DOUBLE  shift, and go to state 5
    BOOL    shift, and go to state 7

    $default  reduce using rule 18 (Formals)

    Variable  go to state 38
    Type      go to state 39
    Formals   go to state 40


State 31

   31 InterfaceDecl: INTERFACE ID LBRACE . Prototype RBRACE

    VOID    shift, and go to state 41
    STRING  shift, and go to state 3
    INT     shift, and go to state 4
    DOUBLE  shift, and go to state 5
    BOOL    shift, and go to state 7

    $default  reduce using rule 34 (Prototype)

    Type       go to state 42
    Prototype  go to state 43


State 32

    6 OtraDecl: Decl OtraDecl .

    $default  reduce using rule 6 (OtraDecl)


State 33

   15 FunctionDecl: Type ID LPAREN . Formals RPAREN StmtBlock

    STRING  shift, and go to state 3
    INT     shift, and go to state 4
    DOUBLE  shift, and go to state 5
    BOOL    shift, and go to state 7

    $default  reduce using rule 18 (Formals)

    Variable  go to state 38
    Type      go to state 39
    Formals   go to state 44


State 34

   14 Type: Type LBRACKET RBRACKET .

    $default  reduce using rule 14 (Type)


State 35

   22 ExtendDecl: EXTENDS ID .

    $default  reduce using rule 22 (ExtendDecl)


State 36

   24 ImplementsDecl: IMPLEMENTS . ID OtroID

    ID  shift, and go to state 45


State 37

   21 ClassDecl: CLASS ID ExtendDecl ImplementsDecl . LBRACE Field RBRACE

    LBRACE  shift, and go to state 46


State 38

   17 Formals: Variable . FormalsVars

    COMMA  shift, and go to state 47

    $default  reduce using rule 20 (FormalsVars)

    FormalsVars  go to state 48


State 39

    9 Variable: Type . ID
   14 Type: Type . LBRACKET RBRACKET

    ID        shift, and go to state 49
    LBRACKET  shift, and go to state 24


State 40

   16 FunctionDecl: VOID ID LPAREN Formals . RPAREN StmtBlock

    RPAREN  shift, and go to state 50


State 41

   33 Prototype: VOID . ID LPAREN Formals RPAREN SEMICOLON Prototype

    ID  shift, and go to state 51


State 42

   14 Type: Type . LBRACKET RBRACKET
   32 Prototype: Type . ID LPAREN Formals RPAREN SEMICOLON Prototype

    ID        shift, and go to state 52
    LBRACKET  shift, and go to state 24


State 43

   31 InterfaceDecl: INTERFACE ID LBRACE Prototype . RBRACE

    RBRACE  shift, and go to state 53


State 44

   15 FunctionDecl: Type ID LPAREN Formals . RPAREN StmtBlock

    RPAREN  shift, and go to state 54


State 45

   24 ImplementsDecl: IMPLEMENTS ID . OtroID

    COMMA  shift, and go to state 55

    $default  reduce using rule 27 (OtroID)

    OtroID  go to state 56


State 46

   21 ClassDecl: CLASS ID ExtendDecl ImplementsDecl LBRACE . Field RBRACE

    VOID    shift, and go to state 2
    STRING  shift, and go to state 3
    INT     shift, and go to state 4
    DOUBLE  shift, and go to state 5
    BOOL    shift, and go to state 7

    $default  reduce using rule 30 (Field)

    VariableDecl  go to state 57
    Variable      go to state 11
    Type          go to state 12
    FunctionDecl  go to state 58
    Field         go to state 59


State 47

   19 FormalsVars: COMMA . Variable FormalsVars

    STRING  shift, and go to state 3
    INT     shift, and go to state 4
    DOUBLE  shift, and go to state 5
    BOOL    shift, and go to state 7

    Variable  go to state 60
    Type      go to state 39


State 48

   17 Formals: Variable FormalsVars .

    $default  reduce using rule 17 (Formals)


State 49

    9 Variable: Type ID .

    $default  reduce using rule 9 (Variable)


State 50

   16 FunctionDecl: VOID ID LPAREN Formals RPAREN . StmtBlock

    LBRACE  shift, and go to state 61

    StmtBlock  go to state 62


State 51

   33 Prototype: VOID ID . LPAREN Formals RPAREN SEMICOLON Prototype

    LPAREN  shift, and go to state 63


State 52

   32 Prototype: Type ID . LPAREN Formals RPAREN SEMICOLON Prototype

    LPAREN  shift, and go to state 64


State 53

   31 InterfaceDecl: INTERFACE ID LBRACE Prototype RBRACE .

    $default  reduce using rule 31 (InterfaceDecl)


State 54

   15 FunctionDecl: Type ID LPAREN Formals RPAREN . StmtBlock

    LBRACE  shift, and go to state 61

    StmtBlock  go to state 65


State 55

   26 OtroID: COMMA . ID OtroID

    ID  shift, and go to state 66


State 56

   24 ImplementsDecl: IMPLEMENTS ID OtroID .

    $default  reduce using rule 24 (ImplementsDecl)


State 57

   28 Field: VariableDecl . Field

    VOID    shift, and go to state 2
    STRING  shift, and go to state 3
    INT     shift, and go to state 4
    DOUBLE  shift, and go to state 5
    BOOL    shift, and go to state 7

    $default  reduce using rule 30 (Field)

    VariableDecl  go to state 57
    Variable      go to state 11
    Type          go to state 12
    FunctionDecl  go to state 58
    Field         go to state 67


State 58

   29 Field: FunctionDecl . Field

    VOID    shift, and go to state 2
    STRING  shift, and go to state 3
    INT     shift, and go to state 4
    DOUBLE  shift, and go to state 5
    BOOL    shift, and go to state 7

    $default  reduce using rule 30 (Field)

    VariableDecl  go to state 57
    Variable      go to state 11
    Type          go to state 12
    FunctionDecl  go to state 58
    Field         go to state 68


State 59

   21 ClassDecl: CLASS ID ExtendDecl ImplementsDecl LBRACE Field . RBRACE

    RBRACE  shift, and go to state 69


State 60

   19 FormalsVars: COMMA Variable . FormalsVars

    COMMA  shift, and go to state 47

    $default  reduce using rule 20 (FormalsVars)

    FormalsVars  go to state 70


State 61

   35 StmtBlock: LBRACE . BlockVariables BlockStmts RBRACE

    STRING  shift, and go to state 3
    INT     shift, and go to state 4
    DOUBLE  shift, and go to state 5
    BOOL    shift, and go to state 7

    $default  reduce using rule 37 (BlockVariables)

    VariableDecl    go to state 71
    Variable        go to state 11
    Type            go to state 39
    BlockVariables  go to state 72


State 62

   16 FunctionDecl: VOID ID LPAREN Formals RPAREN StmtBlock .

    $default  reduce using rule 16 (FunctionDecl)


State 63

   33 Prototype: VOID ID LPAREN . Formals RPAREN SEMICOLON Prototype

    STRING  shift, and go to state 3
    INT     shift, and go to state 4
    DOUBLE  shift, and go to state 5
    BOOL    shift, and go to state 7

    $default  reduce using rule 18 (Formals)

    Variable  go to state 38
    Type      go to state 39
    Formals   go to state 73


State 64

   32 Prototype: Type ID LPAREN . Formals RPAREN SEMICOLON Prototype

    STRING  shift, and go to state 3
    INT     shift, and go to state 4
    DOUBLE  shift, and go to state 5
    BOOL    shift, and go to state 7

    $default  reduce using rule 18 (Formals)

    Variable  go to state 38
    Type      go to state 39
    Formals   go to state 74


State 65

   15 FunctionDecl: Type ID LPAREN Formals RPAREN StmtBlock .

    $default  reduce using rule 15 (FunctionDecl)


State 66

   26 OtroID: COMMA ID . OtroID

    COMMA  shift, and go to state 55

    $default  reduce using rule 27 (OtroID)

    OtroID  go to state 75


State 67

   28 Field: VariableDecl Field .

    $default  reduce using rule 28 (Field)


State 68

   29 Field: FunctionDecl Field .

    $default  reduce using rule 29 (Field)


State 69

   21 ClassDecl: CLASS ID ExtendDecl ImplementsDecl LBRACE Field RBRACE .

    $default  reduce using rule 21 (ClassDecl)


State 70

   19 FormalsVars: COMMA Variable FormalsVars .

    $default  reduce using rule 19 (FormalsVars)


State 71

   36 BlockVariables: VariableDecl . BlockVariables

    STRING  shift, and go to state 3
    INT     shift, and go to state 4
    DOUBLE  shift, and go to state 5
    BOOL    shift, and go to state 7

    $default  reduce using rule 37 (BlockVariables)

    VariableDecl    go to state 71
    Variable        go to state 11
    Type            go to state 39
    BlockVariables  go to state 76


State 72

   35 StmtBlock: LBRACE BlockVariables . BlockStmts RBRACE

    THIS            shift, and go to state 77
    WHILE           shift, and go to state 78
    BREAK           shift, and go to state 79
    READINTEGER     shift, and go to state 80
    IF              shift, and go to state 81
    NEW             shift, and go to state 82
    READLINE        shift, and go to state 83
    NEWARRAY        shift, and go to state 84
    TNULL           shift, and go to state 85
    FOR             shift, and go to state 86
    RETURN          shift, and go to state 87
    PRINT           shift, and go to state 88
    ID              shift, and go to state 89
    CONSINTEGERDEC  shift, and go to state 90
    CONSINTEGERHEX  shift, and go to state 91
    CONSDOUBLEDEC   shift, and go to state 92
    CONSDOUBLECIEN  shift, and go to state 93
    CONSSTRING      shift, and go to state 94
    CONSBOOLEAN     shift, and go to state 95
    SUBTRACTION     shift, and go to state 96
    NEGATION        shift, and go to state 97
    LPAREN          shift, and go to state 98
    LBRACE          shift, and go to state 61

    SEMICOLON  reduce using rule 59 (ExprOpcional)
    $default   reduce using rule 39 (BlockStmts)

    StmtBlock     go to state 99
    BlockStmts    go to state 100
    Stmt          go to state 101
    IfStmt        go to state 102
    WhileStmt     go to state 103
    ForStmt       go to state 104
    ReturnStmt    go to state 105
    BreakStmt     go to state 106
    PrintStmt     go to state 107
    ExprOpcional  go to state 108
    Expr          go to state 109
    LValue        go to state 110
    Call          go to state 111
    Constant      go to state 112


State 73

   33 Prototype: VOID ID LPAREN Formals . RPAREN SEMICOLON Prototype

    RPAREN  shift, and go to state 113


State 74

   32 Prototype: Type ID LPAREN Formals . RPAREN SEMICOLON Prototype

    RPAREN  shift, and go to state 114


State 75

   26 OtroID: COMMA ID OtroID .

    $default  reduce using rule 26 (OtroID)


State 76

   36 BlockVariables: VariableDecl BlockVariables .

    $default  reduce using rule 36 (BlockVariables)


State 77

   63 Expr: THIS .

    $default  reduce using rule 63 (Expr)


State 78

   51 WhileStmt: WHILE . LPAREN Expr RPAREN Stmt

    LPAREN  shift, and go to state 115


State 79

   54 BreakStmt: BREAK . SEMICOLON

    SEMICOLON  shift, and go to state 116


State 80

   81 Expr: READINTEGER . LPAREN RPAREN

    LPAREN  shift, and go to state 117


State 81

   48 IfStmt: IF . LPAREN Expr RPAREN Stmt ElseStmt

    LPAREN  shift, and go to state 118


State 82

   83 Expr: NEW . LPAREN ID RPAREN

    LPAREN  shift, and go to state 119


State 83

   82 Expr: READLINE . LPAREN RPAREN

    LPAREN  shift, and go to state 120


State 84

   84 Expr: NEWARRAY . LPAREN Expr COMMA Type RPAREN

    LPAREN  shift, and go to state 121


State 85

   98 Constant: TNULL .

    $default  reduce using rule 98 (Constant)


State 86

   52 ForStmt: FOR . LPAREN ExprOpcional SEMICOLON ExprOpcional SEMICOLON ExprOpcional RPAREN Stmt

    LPAREN  shift, and go to state 122


State 87

   53 ReturnStmt: RETURN . ExprOpcional SEMICOLON

    THIS            shift, and go to state 77
    READINTEGER     shift, and go to state 80
    NEW             shift, and go to state 82
    READLINE        shift, and go to state 83
    NEWARRAY        shift, and go to state 84
    TNULL           shift, and go to state 85
    ID              shift, and go to state 89
    CONSINTEGERDEC  shift, and go to state 90
    CONSINTEGERHEX  shift, and go to state 91
    CONSDOUBLEDEC   shift, and go to state 92
    CONSDOUBLECIEN  shift, and go to state 93
    CONSSTRING      shift, and go to state 94
    CONSBOOLEAN     shift, and go to state 95
    SUBTRACTION     shift, and go to state 96
    NEGATION        shift, and go to state 97
    LPAREN          shift, and go to state 98

    $default  reduce using rule 59 (ExprOpcional)

    ExprOpcional  go to state 123
    Expr          go to state 109
    LValue        go to state 110
    Call          go to state 111
    Constant      go to state 112


State 88

   55 PrintStmt: PRINT . LPAREN Expr OtraExpr RPAREN SEMICOLON

    LPAREN  shift, and go to state 124


State 89

   85 LValue: ID .
   88 Call: ID . LPAREN Actuals RPAREN

    LPAREN  shift, and go to state 125

    $default  reduce using rule 85 (LValue)


State 90

   92 Constant: CONSINTEGERDEC .

    $default  reduce using rule 92 (Constant)


State 91

   93 Constant: CONSINTEGERHEX .

    $default  reduce using rule 93 (Constant)


State 92

   94 Constant: CONSDOUBLEDEC .

    $default  reduce using rule 94 (Constant)


State 93

   95 Constant: CONSDOUBLECIEN .

    $default  reduce using rule 95 (Constant)


State 94

   97 Constant: CONSSTRING .

    $default  reduce using rule 97 (Constant)


State 95

   96 Constant: CONSBOOLEAN .

    $default  reduce using rule 96 (Constant)


State 96

   71 Expr: SUBTRACTION . Expr

    THIS            shift, and go to state 77
    READINTEGER     shift, and go to state 80
    NEW             shift, and go to state 82
    READLINE        shift, and go to state 83
    NEWARRAY        shift, and go to state 84
    TNULL           shift, and go to state 85
    ID              shift, and go to state 89
    CONSINTEGERDEC  shift, and go to state 90
    CONSINTEGERHEX  shift, and go to state 91
    CONSDOUBLEDEC   shift, and go to state 92
    CONSDOUBLECIEN  shift, and go to state 93
    CONSSTRING      shift, and go to state 94
    CONSBOOLEAN     shift, and go to state 95
    SUBTRACTION     shift, and go to state 96
    NEGATION        shift, and go to state 97
    LPAREN          shift, and go to state 98

    Expr      go to state 126
    LValue    go to state 110
    Call      go to state 111
    Constant  go to state 112


State 97

   80 Expr: NEGATION . Expr

    THIS            shift, and go to state 77
    READINTEGER     shift, and go to state 80
    NEW             shift, and go to state 82
    READLINE        shift, and go to state 83
    NEWARRAY        shift, and go to state 84
    TNULL           shift, and go to state 85
    ID              shift, and go to state 89
    CONSINTEGERDEC  shift, and go to state 90
    CONSINTEGERHEX  shift, and go to state 91
    CONSDOUBLEDEC   shift, and go to state 92
    CONSDOUBLECIEN  shift, and go to state 93
    CONSSTRING      shift, and go to state 94
    CONSBOOLEAN     shift, and go to state 95
    SUBTRACTION     shift, and go to state 96
    NEGATION        shift, and go to state 97
    LPAREN          shift, and go to state 98

    Expr      go to state 127
    LValue    go to state 110
    Call      go to state 111
    Constant  go to state 112


State 98

   65 Expr: LPAREN . Expr RPAREN

    THIS            shift, and go to state 77
    READINTEGER     shift, and go to state 80
    NEW             shift, and go to state 82
    READLINE        shift, and go to state 83
    NEWARRAY        shift, and go to state 84
    TNULL           shift, and go to state 85
    ID              shift, and go to state 89
    CONSINTEGERDEC  shift, and go to state 90
    CONSINTEGERHEX  shift, and go to state 91
    CONSDOUBLEDEC   shift, and go to state 92
    CONSDOUBLECIEN  shift, and go to state 93
    CONSSTRING      shift, and go to state 94
    CONSBOOLEAN     shift, and go to state 95
    SUBTRACTION     shift, and go to state 96
    NEGATION        shift, and go to state 97
    LPAREN          shift, and go to state 98

    Expr      go to state 128
    LValue    go to state 110
    Call      go to state 111
    Constant  go to state 112


State 99

   47 Stmt: StmtBlock .

    $default  reduce using rule 47 (Stmt)


State 100

   35 StmtBlock: LBRACE BlockVariables BlockStmts . RBRACE

    RBRACE  shift, and go to state 129


State 101

   38 BlockStmts: Stmt . BlockStmts

    THIS            shift, and go to state 77
    WHILE           shift, and go to state 78
    BREAK           shift, and go to state 79
    READINTEGER     shift, and go to state 80
    IF              shift, and go to state 81
    NEW             shift, and go to state 82
    READLINE        shift, and go to state 83
    NEWARRAY        shift, and go to state 84
    TNULL           shift, and go to state 85
    FOR             shift, and go to state 86
    RETURN          shift, and go to state 87
    PRINT           shift, and go to state 88
    ID              shift, and go to state 89
    CONSINTEGERDEC  shift, and go to state 90
    CONSINTEGERHEX  shift, and go to state 91
    CONSDOUBLEDEC   shift, and go to state 92
    CONSDOUBLECIEN  shift, and go to state 93
    CONSSTRING      shift, and go to state 94
    CONSBOOLEAN     shift, and go to state 95
    SUBTRACTION     shift, and go to state 96
    NEGATION        shift, and go to state 97
    LPAREN          shift, and go to state 98
    LBRACE          shift, and go to state 61

    SEMICOLON  reduce using rule 59 (ExprOpcional)
    $default   reduce using rule 39 (BlockStmts)

    StmtBlock     go to state 99
    BlockStmts    go to state 130
    Stmt          go to state 101
    IfStmt        go to state 102
    WhileStmt     go to state 103
    ForStmt       go to state 104
    ReturnStmt    go to state 105
    BreakStmt     go to state 106
    PrintStmt     go to state 107
    ExprOpcional  go to state 108
    Expr          go to state 109
    LValue        go to state 110
    Call          go to state 111
    Constant      go to state 112


State 102

   41 Stmt: IfStmt .

    $default  reduce using rule 41 (Stmt)


State 103

   42 Stmt: WhileStmt .

    $default  reduce using rule 42 (Stmt)


State 104

   43 Stmt: ForStmt .

    $default  reduce using rule 43 (Stmt)


State 105

   45 Stmt: ReturnStmt .

    $default  reduce using rule 45 (Stmt)


State 106

   44 Stmt: BreakStmt .

    $default  reduce using rule 44 (Stmt)


State 107

   46 Stmt: PrintStmt .

    $default  reduce using rule 46 (Stmt)


State 108

   40 Stmt: ExprOpcional . SEMICOLON

    SEMICOLON  shift, and go to state 131


State 109

   58 ExprOpcional: Expr .
   66 Expr: Expr . SUM Expr
   67     | Expr . SUBTRACTION Expr
   68     | Expr . MULTIPLICATION Expr
   69     | Expr . DIVISION Expr
   70     | Expr . MODULE Expr
   72     | Expr . LESSTHAN Expr
   73     | Expr . LESSEQUALTHAN Expr
   74     | Expr . GREATERTHAN Expr
   75     | Expr . GREATEREQUALTHAN Expr
   76     | Expr . EEQUAL Expr
   77     | Expr . DISTINCT Expr
   78     | Expr . AND Expr
   79     | Expr . OR Expr
   86 LValue: Expr . DOT ID
   87       | Expr . LBRACKET Expr RBRACKET
   89 Call: Expr . DOT ID LPAREN Actuals RPAREN

    SUM               shift, and go to state 132
    SUBTRACTION       shift, and go to state 133
    MULTIPLICATION    shift, and go to state 134
    DIVISION          shift, and go to state 135
    MODULE            shift, and go to state 136
    LESSTHAN          shift, and go to state 137
    LESSEQUALTHAN     shift, and go to state 138
    GREATERTHAN       shift, and go to state 139
    GREATEREQUALTHAN  shift, and go to state 140
    EEQUAL            shift, and go to state 141
    DISTINCT          shift, and go to state 142
    AND               shift, and go to state 143
    OR                shift, and go to state 144
    DOT               shift, and go to state 145
    LBRACKET          shift, and go to state 146

    $default  reduce using rule 58 (ExprOpcional)


State 110

   60 Expr: LValue . EQUAL Expr
   62     | LValue .

    EQUAL  shift, and go to state 147

    $default  reduce using rule 62 (Expr)


State 111

   64 Expr: Call .

    $default  reduce using rule 64 (Expr)


State 112

   61 Expr: Constant .

    $default  reduce using rule 61 (Expr)


State 113

   33 Prototype: VOID ID LPAREN Formals RPAREN . SEMICOLON Prototype

    SEMICOLON  shift, and go to state 148


State 114

   32 Prototype: Type ID LPAREN Formals RPAREN . SEMICOLON Prototype

    SEMICOLON  shift, and go to state 149


State 115

   51 WhileStmt: WHILE LPAREN . Expr RPAREN Stmt

    THIS            shift, and go to state 77
    READINTEGER     shift, and go to state 80
    NEW             shift, and go to state 82
    READLINE        shift, and go to state 83
    NEWARRAY        shift, and go to state 84
    TNULL           shift, and go to state 85
    ID              shift, and go to state 89
    CONSINTEGERDEC  shift, and go to state 90
    CONSINTEGERHEX  shift, and go to state 91
    CONSDOUBLEDEC   shift, and go to state 92
    CONSDOUBLECIEN  shift, and go to state 93
    CONSSTRING      shift, and go to state 94
    CONSBOOLEAN     shift, and go to state 95
    SUBTRACTION     shift, and go to state 96
    NEGATION        shift, and go to state 97
    LPAREN          shift, and go to state 98

    Expr      go to state 150
    LValue    go to state 110
    Call      go to state 111
    Constant  go to state 112


State 116

   54 BreakStmt: BREAK SEMICOLON .

    $default  reduce using rule 54 (BreakStmt)


State 117

   81 Expr: READINTEGER LPAREN . RPAREN

    RPAREN  shift, and go to state 151


State 118

   48 IfStmt: IF LPAREN . Expr RPAREN Stmt ElseStmt

    THIS            shift, and go to state 77
    READINTEGER     shift, and go to state 80
    NEW             shift, and go to state 82
    READLINE        shift, and go to state 83
    NEWARRAY        shift, and go to state 84
    TNULL           shift, and go to state 85
    ID              shift, and go to state 89
    CONSINTEGERDEC  shift, and go to state 90
    CONSINTEGERHEX  shift, and go to state 91
    CONSDOUBLEDEC   shift, and go to state 92
    CONSDOUBLECIEN  shift, and go to state 93
    CONSSTRING      shift, and go to state 94
    CONSBOOLEAN     shift, and go to state 95
    SUBTRACTION     shift, and go to state 96
    NEGATION        shift, and go to state 97
    LPAREN          shift, and go to state 98

    Expr      go to state 152
    LValue    go to state 110
    Call      go to state 111
    Constant  go to state 112


State 119

   83 Expr: NEW LPAREN . ID RPAREN

    ID  shift, and go to state 153


State 120

   82 Expr: READLINE LPAREN . RPAREN

    RPAREN  shift, and go to state 154


State 121

   84 Expr: NEWARRAY LPAREN . Expr COMMA Type RPAREN

    THIS            shift, and go to state 77
    READINTEGER     shift, and go to state 80
    NEW             shift, and go to state 82
    READLINE        shift, and go to state 83
    NEWARRAY        shift, and go to state 84
    TNULL           shift, and go to state 85
    ID              shift, and go to state 89
    CONSINTEGERDEC  shift, and go to state 90
    CONSINTEGERHEX  shift, and go to state 91
    CONSDOUBLEDEC   shift, and go to state 92
    CONSDOUBLECIEN  shift, and go to state 93
    CONSSTRING      shift, and go to state 94
    CONSBOOLEAN     shift, and go to state 95
    SUBTRACTION     shift, and go to state 96
    NEGATION        shift, and go to state 97
    LPAREN          shift, and go to state 98

    Expr      go to state 155
    LValue    go to state 110
    Call      go to state 111
    Constant  go to state 112


State 122

   52 ForStmt: FOR LPAREN . ExprOpcional SEMICOLON ExprOpcional SEMICOLON ExprOpcional RPAREN Stmt

    THIS            shift, and go to state 77
    READINTEGER     shift, and go to state 80
    NEW             shift, and go to state 82
    READLINE        shift, and go to state 83
    NEWARRAY        shift, and go to state 84
    TNULL           shift, and go to state 85
    ID              shift, and go to state 89
    CONSINTEGERDEC  shift, and go to state 90
    CONSINTEGERHEX  shift, and go to state 91
    CONSDOUBLEDEC   shift, and go to state 92
    CONSDOUBLECIEN  shift, and go to state 93
    CONSSTRING      shift, and go to state 94
    CONSBOOLEAN     shift, and go to state 95
    SUBTRACTION     shift, and go to state 96
    NEGATION        shift, and go to state 97
    LPAREN          shift, and go to state 98

    $default  reduce using rule 59 (ExprOpcional)

    ExprOpcional  go to state 156
    Expr          go to state 109
    LValue        go to state 110
    Call          go to state 111
    Constant      go to state 112


State 123

   53 ReturnStmt: RETURN ExprOpcional . SEMICOLON

    SEMICOLON  shift, and go to state 157


State 124

   55 PrintStmt: PRINT LPAREN . Expr OtraExpr RPAREN SEMICOLON

    THIS            shift, and go to state 77
    READINTEGER     shift, and go to state 80
    NEW             shift, and go to state 82
    READLINE        shift, and go to state 83
    NEWARRAY        shift, and go to state 84
    TNULL           shift, and go to state 85
    ID              shift, and go to state 89
    CONSINTEGERDEC  shift, and go to state 90
    CONSINTEGERHEX  shift, and go to state 91
    CONSDOUBLEDEC   shift, and go to state 92
    CONSDOUBLECIEN  shift, and go to state 93
    CONSSTRING      shift, and go to state 94
    CONSBOOLEAN     shift, and go to state 95
    SUBTRACTION     shift, and go to state 96
    NEGATION        shift, and go to state 97
    LPAREN          shift, and go to state 98

    Expr      go to state 158
    LValue    go to state 110
    Call      go to state 111
    Constant  go to state 112


State 125

   88 Call: ID LPAREN . Actuals RPAREN

    THIS            shift, and go to state 77
    READINTEGER     shift, and go to state 80
    NEW             shift, and go to state 82
    READLINE        shift, and go to state 83
    NEWARRAY        shift, and go to state 84
    TNULL           shift, and go to state 85
    ID              shift, and go to state 89
    CONSINTEGERDEC  shift, and go to state 90
    CONSINTEGERHEX  shift, and go to state 91
    CONSDOUBLEDEC   shift, and go to state 92
    CONSDOUBLECIEN  shift, and go to state 93
    CONSSTRING      shift, and go to state 94
    CONSBOOLEAN     shift, and go to state 95
    SUBTRACTION     shift, and go to state 96
    NEGATION        shift, and go to state 97
    LPAREN          shift, and go to state 98

    $default  reduce using rule 91 (Actuals)

    Expr      go to state 159
    LValue    go to state 110
    Call      go to state 111
    Actuals   go to state 160
    Constant  go to state 112


State 126

   66 Expr: Expr . SUM Expr
   67     | Expr . SUBTRACTION Expr
   68     | Expr . MULTIPLICATION Expr
   69     | Expr . DIVISION Expr
   70     | Expr . MODULE Expr
   71     | SUBTRACTION Expr .
   72     | Expr . LESSTHAN Expr
   73     | Expr . LESSEQUALTHAN Expr
   74     | Expr . GREATERTHAN Expr
   75     | Expr . GREATEREQUALTHAN Expr
   76     | Expr . EEQUAL Expr
   77     | Expr . DISTINCT Expr
   78     | Expr . AND Expr
   79     | Expr . OR Expr
   86 LValue: Expr . DOT ID
   87       | Expr . LBRACKET Expr RBRACKET
   89 Call: Expr . DOT ID LPAREN Actuals RPAREN

    $default  reduce using rule 71 (Expr)


State 127

   66 Expr: Expr . SUM Expr
   67     | Expr . SUBTRACTION Expr
   68     | Expr . MULTIPLICATION Expr
   69     | Expr . DIVISION Expr
   70     | Expr . MODULE Expr
   72     | Expr . LESSTHAN Expr
   73     | Expr . LESSEQUALTHAN Expr
   74     | Expr . GREATERTHAN Expr
   75     | Expr . GREATEREQUALTHAN Expr
   76     | Expr . EEQUAL Expr
   77     | Expr . DISTINCT Expr
   78     | Expr . AND Expr
   79     | Expr . OR Expr
   80     | NEGATION Expr .
   86 LValue: Expr . DOT ID
   87       | Expr . LBRACKET Expr RBRACKET
   89 Call: Expr . DOT ID LPAREN Actuals RPAREN

    SUM               shift, and go to state 132
    SUBTRACTION       shift, and go to state 133
    MULTIPLICATION    shift, and go to state 134
    DIVISION          shift, and go to state 135
    MODULE            shift, and go to state 136
    LESSTHAN          shift, and go to state 137
    LESSEQUALTHAN     shift, and go to state 138
    GREATERTHAN       shift, and go to state 139
    GREATEREQUALTHAN  shift, and go to state 140
    EEQUAL            shift, and go to state 141
    DISTINCT          shift, and go to state 142
    AND               shift, and go to state 143
    OR                shift, and go to state 144
    DOT               shift, and go to state 145
    LBRACKET          shift, and go to state 146

    $default  reduce using rule 80 (Expr)


State 128

   65 Expr: LPAREN Expr . RPAREN
   66     | Expr . SUM Expr
   67     | Expr . SUBTRACTION Expr
   68     | Expr . MULTIPLICATION Expr
   69     | Expr . DIVISION Expr
   70     | Expr . MODULE Expr
   72     | Expr . LESSTHAN Expr
   73     | Expr . LESSEQUALTHAN Expr
   74     | Expr . GREATERTHAN Expr
   75     | Expr . GREATEREQUALTHAN Expr
   76     | Expr . EEQUAL Expr
   77     | Expr . DISTINCT Expr
   78     | Expr . AND Expr
   79     | Expr . OR Expr
   86 LValue: Expr . DOT ID
   87       | Expr . LBRACKET Expr RBRACKET
   89 Call: Expr . DOT ID LPAREN Actuals RPAREN

    SUM               shift, and go to state 132
    SUBTRACTION       shift, and go to state 133
    MULTIPLICATION    shift, and go to state 134
    DIVISION          shift, and go to state 135
    MODULE            shift, and go to state 136
    LESSTHAN          shift, and go to state 137
    LESSEQUALTHAN     shift, and go to state 138
    GREATERTHAN       shift, and go to state 139
    GREATEREQUALTHAN  shift, and go to state 140
    EEQUAL            shift, and go to state 141
    DISTINCT          shift, and go to state 142
    AND               shift, and go to state 143
    OR                shift, and go to state 144
    DOT               shift, and go to state 145
    LBRACKET          shift, and go to state 146
    RPAREN            shift, and go to state 161


State 129

   35 StmtBlock: LBRACE BlockVariables BlockStmts RBRACE .

    $default  reduce using rule 35 (StmtBlock)


State 130

   38 BlockStmts: Stmt BlockStmts .

    $default  reduce using rule 38 (BlockStmts)


State 131

   40 Stmt: ExprOpcional SEMICOLON .

    $default  reduce using rule 40 (Stmt)


State 132

   66 Expr: Expr SUM . Expr

    THIS            shift, and go to state 77
    READINTEGER     shift, and go to state 80
    NEW             shift, and go to state 82
    READLINE        shift, and go to state 83
    NEWARRAY        shift, and go to state 84
    TNULL           shift, and go to state 85
    ID              shift, and go to state 89
    CONSINTEGERDEC  shift, and go to state 90
    CONSINTEGERHEX  shift, and go to state 91
    CONSDOUBLEDEC   shift, and go to state 92
    CONSDOUBLECIEN  shift, and go to state 93
    CONSSTRING      shift, and go to state 94
    CONSBOOLEAN     shift, and go to state 95
    SUBTRACTION     shift, and go to state 96
    NEGATION        shift, and go to state 97
    LPAREN          shift, and go to state 98

    Expr      go to state 162
    LValue    go to state 110
    Call      go to state 111
    Constant  go to state 112


State 133

   67 Expr: Expr SUBTRACTION . Expr

    THIS            shift, and go to state 77
    READINTEGER     shift, and go to state 80
    NEW             shift, and go to state 82
    READLINE        shift, and go to state 83
    NEWARRAY        shift, and go to state 84
    TNULL           shift, and go to state 85
    ID              shift, and go to state 89
    CONSINTEGERDEC  shift, and go to state 90
    CONSINTEGERHEX  shift, and go to state 91
    CONSDOUBLEDEC   shift, and go to state 92
    CONSDOUBLECIEN  shift, and go to state 93
    CONSSTRING      shift, and go to state 94
    CONSBOOLEAN     shift, and go to state 95
    SUBTRACTION     shift, and go to state 96
    NEGATION        shift, and go to state 97
    LPAREN          shift, and go to state 98

    Expr      go to state 163
    LValue    go to state 110
    Call      go to state 111
    Constant  go to state 112


State 134

   68 Expr: Expr MULTIPLICATION . Expr

    THIS            shift, and go to state 77
    READINTEGER     shift, and go to state 80
    NEW             shift, and go to state 82
    READLINE        shift, and go to state 83
    NEWARRAY        shift, and go to state 84
    TNULL           shift, and go to state 85
    ID              shift, and go to state 89
    CONSINTEGERDEC  shift, and go to state 90
    CONSINTEGERHEX  shift, and go to state 91
    CONSDOUBLEDEC   shift, and go to state 92
    CONSDOUBLECIEN  shift, and go to state 93
    CONSSTRING      shift, and go to state 94
    CONSBOOLEAN     shift, and go to state 95
    SUBTRACTION     shift, and go to state 96
    NEGATION        shift, and go to state 97
    LPAREN          shift, and go to state 98

    Expr      go to state 164
    LValue    go to state 110
    Call      go to state 111
    Constant  go to state 112


State 135

   69 Expr: Expr DIVISION . Expr

    THIS            shift, and go to state 77
    READINTEGER     shift, and go to state 80
    NEW             shift, and go to state 82
    READLINE        shift, and go to state 83
    NEWARRAY        shift, and go to state 84
    TNULL           shift, and go to state 85
    ID              shift, and go to state 89
    CONSINTEGERDEC  shift, and go to state 90
    CONSINTEGERHEX  shift, and go to state 91
    CONSDOUBLEDEC   shift, and go to state 92
    CONSDOUBLECIEN  shift, and go to state 93
    CONSSTRING      shift, and go to state 94
    CONSBOOLEAN     shift, and go to state 95
    SUBTRACTION     shift, and go to state 96
    NEGATION        shift, and go to state 97
    LPAREN          shift, and go to state 98

    Expr      go to state 165
    LValue    go to state 110
    Call      go to state 111
    Constant  go to state 112


State 136

   70 Expr: Expr MODULE . Expr

    THIS            shift, and go to state 77
    READINTEGER     shift, and go to state 80
    NEW             shift, and go to state 82
    READLINE        shift, and go to state 83
    NEWARRAY        shift, and go to state 84
    TNULL           shift, and go to state 85
    ID              shift, and go to state 89
    CONSINTEGERDEC  shift, and go to state 90
    CONSINTEGERHEX  shift, and go to state 91
    CONSDOUBLEDEC   shift, and go to state 92
    CONSDOUBLECIEN  shift, and go to state 93
    CONSSTRING      shift, and go to state 94
    CONSBOOLEAN     shift, and go to state 95
    SUBTRACTION     shift, and go to state 96
    NEGATION        shift, and go to state 97
    LPAREN          shift, and go to state 98

    Expr      go to state 166
    LValue    go to state 110
    Call      go to state 111
    Constant  go to state 112


State 137

   72 Expr: Expr LESSTHAN . Expr

    THIS            shift, and go to state 77
    READINTEGER     shift, and go to state 80
    NEW             shift, and go to state 82
    READLINE        shift, and go to state 83
    NEWARRAY        shift, and go to state 84
    TNULL           shift, and go to state 85
    ID              shift, and go to state 89
    CONSINTEGERDEC  shift, and go to state 90
    CONSINTEGERHEX  shift, and go to state 91
    CONSDOUBLEDEC   shift, and go to state 92
    CONSDOUBLECIEN  shift, and go to state 93
    CONSSTRING      shift, and go to state 94
    CONSBOOLEAN     shift, and go to state 95
    SUBTRACTION     shift, and go to state 96
    NEGATION        shift, and go to state 97
    LPAREN          shift, and go to state 98

    Expr      go to state 167
    LValue    go to state 110
    Call      go to state 111
    Constant  go to state 112


State 138

   73 Expr: Expr LESSEQUALTHAN . Expr

    THIS            shift, and go to state 77
    READINTEGER     shift, and go to state 80
    NEW             shift, and go to state 82
    READLINE        shift, and go to state 83
    NEWARRAY        shift, and go to state 84
    TNULL           shift, and go to state 85
    ID              shift, and go to state 89
    CONSINTEGERDEC  shift, and go to state 90
    CONSINTEGERHEX  shift, and go to state 91
    CONSDOUBLEDEC   shift, and go to state 92
    CONSDOUBLECIEN  shift, and go to state 93
    CONSSTRING      shift, and go to state 94
    CONSBOOLEAN     shift, and go to state 95
    SUBTRACTION     shift, and go to state 96
    NEGATION        shift, and go to state 97
    LPAREN          shift, and go to state 98

    Expr      go to state 168
    LValue    go to state 110
    Call      go to state 111
    Constant  go to state 112


State 139

   74 Expr: Expr GREATERTHAN . Expr

    THIS            shift, and go to state 77
    READINTEGER     shift, and go to state 80
    NEW             shift, and go to state 82
    READLINE        shift, and go to state 83
    NEWARRAY        shift, and go to state 84
    TNULL           shift, and go to state 85
    ID              shift, and go to state 89
    CONSINTEGERDEC  shift, and go to state 90
    CONSINTEGERHEX  shift, and go to state 91
    CONSDOUBLEDEC   shift, and go to state 92
    CONSDOUBLECIEN  shift, and go to state 93
    CONSSTRING      shift, and go to state 94
    CONSBOOLEAN     shift, and go to state 95
    SUBTRACTION     shift, and go to state 96
    NEGATION        shift, and go to state 97
    LPAREN          shift, and go to state 98

    Expr      go to state 169
    LValue    go to state 110
    Call      go to state 111
    Constant  go to state 112


State 140

   75 Expr: Expr GREATEREQUALTHAN . Expr

    THIS            shift, and go to state 77
    READINTEGER     shift, and go to state 80
    NEW             shift, and go to state 82
    READLINE        shift, and go to state 83
    NEWARRAY        shift, and go to state 84
    TNULL           shift, and go to state 85
    ID              shift, and go to state 89
    CONSINTEGERDEC  shift, and go to state 90
    CONSINTEGERHEX  shift, and go to state 91
    CONSDOUBLEDEC   shift, and go to state 92
    CONSDOUBLECIEN  shift, and go to state 93
    CONSSTRING      shift, and go to state 94
    CONSBOOLEAN     shift, and go to state 95
    SUBTRACTION     shift, and go to state 96
    NEGATION        shift, and go to state 97
    LPAREN          shift, and go to state 98

    Expr      go to state 170
    LValue    go to state 110
    Call      go to state 111
    Constant  go to state 112


State 141

   76 Expr: Expr EEQUAL . Expr

    THIS            shift, and go to state 77
    READINTEGER     shift, and go to state 80
    NEW             shift, and go to state 82
    READLINE        shift, and go to state 83
    NEWARRAY        shift, and go to state 84
    TNULL           shift, and go to state 85
    ID              shift, and go to state 89
    CONSINTEGERDEC  shift, and go to state 90
    CONSINTEGERHEX  shift, and go to state 91
    CONSDOUBLEDEC   shift, and go to state 92
    CONSDOUBLECIEN  shift, and go to state 93
    CONSSTRING      shift, and go to state 94
    CONSBOOLEAN     shift, and go to state 95
    SUBTRACTION     shift, and go to state 96
    NEGATION        shift, and go to state 97
    LPAREN          shift, and go to state 98

    Expr      go to state 171
    LValue    go to state 110
    Call      go to state 111
    Constant  go to state 112


State 142

   77 Expr: Expr DISTINCT . Expr

    THIS            shift, and go to state 77
    READINTEGER     shift, and go to state 80
    NEW             shift, and go to state 82
    READLINE        shift, and go to state 83
    NEWARRAY        shift, and go to state 84
    TNULL           shift, and go to state 85
    ID              shift, and go to state 89
    CONSINTEGERDEC  shift, and go to state 90
    CONSINTEGERHEX  shift, and go to state 91
    CONSDOUBLEDEC   shift, and go to state 92
    CONSDOUBLECIEN  shift, and go to state 93
    CONSSTRING      shift, and go to state 94
    CONSBOOLEAN     shift, and go to state 95
    SUBTRACTION     shift, and go to state 96
    NEGATION        shift, and go to state 97
    LPAREN          shift, and go to state 98

    Expr      go to state 172
    LValue    go to state 110
    Call      go to state 111
    Constant  go to state 112


State 143

   78 Expr: Expr AND . Expr

    THIS            shift, and go to state 77
    READINTEGER     shift, and go to state 80
    NEW             shift, and go to state 82
    READLINE        shift, and go to state 83
    NEWARRAY        shift, and go to state 84
    TNULL           shift, and go to state 85
    ID              shift, and go to state 89
    CONSINTEGERDEC  shift, and go to state 90
    CONSINTEGERHEX  shift, and go to state 91
    CONSDOUBLEDEC   shift, and go to state 92
    CONSDOUBLECIEN  shift, and go to state 93
    CONSSTRING      shift, and go to state 94
    CONSBOOLEAN     shift, and go to state 95
    SUBTRACTION     shift, and go to state 96
    NEGATION        shift, and go to state 97
    LPAREN          shift, and go to state 98

    Expr      go to state 173
    LValue    go to state 110
    Call      go to state 111
    Constant  go to state 112


State 144

   79 Expr: Expr OR . Expr

    THIS            shift, and go to state 77
    READINTEGER     shift, and go to state 80
    NEW             shift, and go to state 82
    READLINE        shift, and go to state 83
    NEWARRAY        shift, and go to state 84
    TNULL           shift, and go to state 85
    ID              shift, and go to state 89
    CONSINTEGERDEC  shift, and go to state 90
    CONSINTEGERHEX  shift, and go to state 91
    CONSDOUBLEDEC   shift, and go to state 92
    CONSDOUBLECIEN  shift, and go to state 93
    CONSSTRING      shift, and go to state 94
    CONSBOOLEAN     shift, and go to state 95
    SUBTRACTION     shift, and go to state 96
    NEGATION        shift, and go to state 97
    LPAREN          shift, and go to state 98

    Expr      go to state 174
    LValue    go to state 110
    Call      go to state 111
    Constant  go to state 112


State 145

   86 LValue: Expr DOT . ID
   89 Call: Expr DOT . ID LPAREN Actuals RPAREN

    ID  shift, and go to state 175


State 146

   87 LValue: Expr LBRACKET . Expr RBRACKET

    THIS            shift, and go to state 77
    READINTEGER     shift, and go to state 80
    NEW             shift, and go to state 82
    READLINE        shift, and go to state 83
    NEWARRAY        shift, and go to state 84
    TNULL           shift, and go to state 85
    ID              shift, and go to state 89
    CONSINTEGERDEC  shift, and go to state 90
    CONSINTEGERHEX  shift, and go to state 91
    CONSDOUBLEDEC   shift, and go to state 92
    CONSDOUBLECIEN  shift, and go to state 93
    CONSSTRING      shift, and go to state 94
    CONSBOOLEAN     shift, and go to state 95
    SUBTRACTION     shift, and go to state 96
    NEGATION        shift, and go to state 97
    LPAREN          shift, and go to state 98

    Expr      go to state 176
    LValue    go to state 110
    Call      go to state 111
    Constant  go to state 112


State 147

   60 Expr: LValue EQUAL . Expr

    THIS            shift, and go to state 77
    READINTEGER     shift, and go to state 80
    NEW             shift, and go to state 82
    READLINE        shift, and go to state 83
    NEWARRAY        shift, and go to state 84
    TNULL           shift, and go to state 85
    ID              shift, and go to state 89
    CONSINTEGERDEC  shift, and go to state 90
    CONSINTEGERHEX  shift, and go to state 91
    CONSDOUBLEDEC   shift, and go to state 92
    CONSDOUBLECIEN  shift, and go to state 93
    CONSSTRING      shift, and go to state 94
    CONSBOOLEAN     shift, and go to state 95
    SUBTRACTION     shift, and go to state 96
    NEGATION        shift, and go to state 97
    LPAREN          shift, and go to state 98

    Expr      go to state 177
    LValue    go to state 110
    Call      go to state 111
    Constant  go to state 112


State 148

   33 Prototype: VOID ID LPAREN Formals RPAREN SEMICOLON . Prototype

    VOID    shift, and go to state 41
    STRING  shift, and go to state 3
    INT     shift, and go to state 4
    DOUBLE  shift, and go to state 5
    BOOL    shift, and go to state 7

    $default  reduce using rule 34 (Prototype)

    Type       go to state 42
    Prototype  go to state 178


State 149

   32 Prototype: Type ID LPAREN Formals RPAREN SEMICOLON . Prototype

    VOID    shift, and go to state 41
    STRING  shift, and go to state 3
    INT     shift, and go to state 4
    DOUBLE  shift, and go to state 5
    BOOL    shift, and go to state 7

    $default  reduce using rule 34 (Prototype)

    Type       go to state 42
    Prototype  go to state 179


State 150

   51 WhileStmt: WHILE LPAREN Expr . RPAREN Stmt
   66 Expr: Expr . SUM Expr
   67     | Expr . SUBTRACTION Expr
   68     | Expr . MULTIPLICATION Expr
   69     | Expr . DIVISION Expr
   70     | Expr . MODULE Expr
   72     | Expr . LESSTHAN Expr
   73     | Expr . LESSEQUALTHAN Expr
   74     | Expr . GREATERTHAN Expr
   75     | Expr . GREATEREQUALTHAN Expr
   76     | Expr . EEQUAL Expr
   77     | Expr . DISTINCT Expr
   78     | Expr . AND Expr
   79     | Expr . OR Expr
   86 LValue: Expr . DOT ID
   87       | Expr . LBRACKET Expr RBRACKET
   89 Call: Expr . DOT ID LPAREN Actuals RPAREN

    SUM               shift, and go to state 132
    SUBTRACTION       shift, and go to state 133
    MULTIPLICATION    shift, and go to state 134
    DIVISION          shift, and go to state 135
    MODULE            shift, and go to state 136
    LESSTHAN          shift, and go to state 137
    LESSEQUALTHAN     shift, and go to state 138
    GREATERTHAN       shift, and go to state 139
    GREATEREQUALTHAN  shift, and go to state 140
    EEQUAL            shift, and go to state 141
    DISTINCT          shift, and go to state 142
    AND               shift, and go to state 143
    OR                shift, and go to state 144
    DOT               shift, and go to state 145
    LBRACKET          shift, and go to state 146
    RPAREN            shift, and go to state 180


State 151

   81 Expr: READINTEGER LPAREN RPAREN .

    $default  reduce using rule 81 (Expr)


State 152

   48 IfStmt: IF LPAREN Expr . RPAREN Stmt ElseStmt
   66 Expr: Expr . SUM Expr
   67     | Expr . SUBTRACTION Expr
   68     | Expr . MULTIPLICATION Expr
   69     | Expr . DIVISION Expr
   70     | Expr . MODULE Expr
   72     | Expr . LESSTHAN Expr
   73     | Expr . LESSEQUALTHAN Expr
   74     | Expr . GREATERTHAN Expr
   75     | Expr . GREATEREQUALTHAN Expr
   76     | Expr . EEQUAL Expr
   77     | Expr . DISTINCT Expr
   78     | Expr . AND Expr
   79     | Expr . OR Expr
   86 LValue: Expr . DOT ID
   87       | Expr . LBRACKET Expr RBRACKET
   89 Call: Expr . DOT ID LPAREN Actuals RPAREN

    SUM               shift, and go to state 132
    SUBTRACTION       shift, and go to state 133
    MULTIPLICATION    shift, and go to state 134
    DIVISION          shift, and go to state 135
    MODULE            shift, and go to state 136
    LESSTHAN          shift, and go to state 137
    LESSEQUALTHAN     shift, and go to state 138
    GREATERTHAN       shift, and go to state 139
    GREATEREQUALTHAN  shift, and go to state 140
    EEQUAL            shift, and go to state 141
    DISTINCT          shift, and go to state 142
    AND               shift, and go to state 143
    OR                shift, and go to state 144
    DOT               shift, and go to state 145
    LBRACKET          shift, and go to state 146
    RPAREN            shift, and go to state 181


State 153

   83 Expr: NEW LPAREN ID . RPAREN

    RPAREN  shift, and go to state 182


State 154

   82 Expr: READLINE LPAREN RPAREN .

    $default  reduce using rule 82 (Expr)


State 155

   66 Expr: Expr . SUM Expr
   67     | Expr . SUBTRACTION Expr
   68     | Expr . MULTIPLICATION Expr
   69     | Expr . DIVISION Expr
   70     | Expr . MODULE Expr
   72     | Expr . LESSTHAN Expr
   73     | Expr . LESSEQUALTHAN Expr
   74     | Expr . GREATERTHAN Expr
   75     | Expr . GREATEREQUALTHAN Expr
   76     | Expr . EEQUAL Expr
   77     | Expr . DISTINCT Expr
   78     | Expr . AND Expr
   79     | Expr . OR Expr
   84     | NEWARRAY LPAREN Expr . COMMA Type RPAREN
   86 LValue: Expr . DOT ID
   87       | Expr . LBRACKET Expr RBRACKET
   89 Call: Expr . DOT ID LPAREN Actuals RPAREN

    SUM               shift, and go to state 132
    SUBTRACTION       shift, and go to state 133
    MULTIPLICATION    shift, and go to state 134
    DIVISION          shift, and go to state 135
    MODULE            shift, and go to state 136
    LESSTHAN          shift, and go to state 137
    LESSEQUALTHAN     shift, and go to state 138
    GREATERTHAN       shift, and go to state 139
    GREATEREQUALTHAN  shift, and go to state 140
    EEQUAL            shift, and go to state 141
    DISTINCT          shift, and go to state 142
    AND               shift, and go to state 143
    OR                shift, and go to state 144
    COMMA             shift, and go to state 183
    DOT               shift, and go to state 145
    LBRACKET          shift, and go to state 146


State 156

   52 ForStmt: FOR LPAREN ExprOpcional . SEMICOLON ExprOpcional SEMICOLON ExprOpcional RPAREN Stmt

    SEMICOLON  shift, and go to state 184


State 157

   53 ReturnStmt: RETURN ExprOpcional SEMICOLON .

    $default  reduce using rule 53 (ReturnStmt)


State 158

   55 PrintStmt: PRINT LPAREN Expr . OtraExpr RPAREN SEMICOLON
   66 Expr: Expr . SUM Expr
   67     | Expr . SUBTRACTION Expr
   68     | Expr . MULTIPLICATION Expr
   69     | Expr . DIVISION Expr
   70     | Expr . MODULE Expr
   72     | Expr . LESSTHAN Expr
   73     | Expr . LESSEQUALTHAN Expr
   74     | Expr . GREATERTHAN Expr
   75     | Expr . GREATEREQUALTHAN Expr
   76     | Expr . EEQUAL Expr
   77     | Expr . DISTINCT Expr
   78     | Expr . AND Expr
   79     | Expr . OR Expr
   86 LValue: Expr . DOT ID
   87       | Expr . LBRACKET Expr RBRACKET
   89 Call: Expr . DOT ID LPAREN Actuals RPAREN

    SUM               shift, and go to state 132
    SUBTRACTION       shift, and go to state 133
    MULTIPLICATION    shift, and go to state 134
    DIVISION          shift, and go to state 135
    MODULE            shift, and go to state 136
    LESSTHAN          shift, and go to state 137
    LESSEQUALTHAN     shift, and go to state 138
    GREATERTHAN       shift, and go to state 139
    GREATEREQUALTHAN  shift, and go to state 140
    EEQUAL            shift, and go to state 141
    DISTINCT          shift, and go to state 142
    AND               shift, and go to state 143
    OR                shift, and go to state 144
    COMMA             shift, and go to state 185
    DOT               shift, and go to state 145
    LBRACKET          shift, and go to state 146

    $default  reduce using rule 57 (OtraExpr)

    OtraExpr  go to state 186


State 159

   66 Expr: Expr . SUM Expr
   67     | Expr . SUBTRACTION Expr
   68     | Expr . MULTIPLICATION Expr
   69     | Expr . DIVISION Expr
   70     | Expr . MODULE Expr
   72     | Expr . LESSTHAN Expr
   73     | Expr . LESSEQUALTHAN Expr
   74     | Expr . GREATERTHAN Expr
   75     | Expr . GREATEREQUALTHAN Expr
   76     | Expr . EEQUAL Expr
   77     | Expr . DISTINCT Expr
   78     | Expr . AND Expr
   79     | Expr . OR Expr
   86 LValue: Expr . DOT ID
   87       | Expr . LBRACKET Expr RBRACKET
   89 Call: Expr . DOT ID LPAREN Actuals RPAREN
   90 Actuals: Expr . OtraExpr

    SUM               shift, and go to state 132
    SUBTRACTION       shift, and go to state 133
    MULTIPLICATION    shift, and go to state 134
    DIVISION          shift, and go to state 135
    MODULE            shift, and go to state 136
    LESSTHAN          shift, and go to state 137
    LESSEQUALTHAN     shift, and go to state 138
    GREATERTHAN       shift, and go to state 139
    GREATEREQUALTHAN  shift, and go to state 140
    EEQUAL            shift, and go to state 141
    DISTINCT          shift, and go to state 142
    AND               shift, and go to state 143
    OR                shift, and go to state 144
    COMMA             shift, and go to state 185
    DOT               shift, and go to state 145
    LBRACKET          shift, and go to state 146

    $default  reduce using rule 57 (OtraExpr)

    OtraExpr  go to state 187


State 160

   88 Call: ID LPAREN Actuals . RPAREN

    RPAREN  shift, and go to state 188


State 161

   65 Expr: LPAREN Expr RPAREN .

    $default  reduce using rule 65 (Expr)


State 162

   66 Expr: Expr . SUM Expr
   66     | Expr SUM Expr .
   67     | Expr . SUBTRACTION Expr
   68     | Expr . MULTIPLICATION Expr
   69     | Expr . DIVISION Expr
   70     | Expr . MODULE Expr
   72     | Expr . LESSTHAN Expr
   73     | Expr . LESSEQUALTHAN Expr
   74     | Expr . GREATERTHAN Expr
   75     | Expr . GREATEREQUALTHAN Expr
   76     | Expr . EEQUAL Expr
   77     | Expr . DISTINCT Expr
   78     | Expr . AND Expr
   79     | Expr . OR Expr
   86 LValue: Expr . DOT ID
   87       | Expr . LBRACKET Expr RBRACKET
   89 Call: Expr . DOT ID LPAREN Actuals RPAREN

    MULTIPLICATION  shift, and go to state 134
    DIVISION        shift, and go to state 135
    MODULE          shift, and go to state 136
    DOT             shift, and go to state 145
    LBRACKET        shift, and go to state 146

    $default  reduce using rule 66 (Expr)


State 163

   66 Expr: Expr . SUM Expr
   67     | Expr . SUBTRACTION Expr
   67     | Expr SUBTRACTION Expr .
   68     | Expr . MULTIPLICATION Expr
   69     | Expr . DIVISION Expr
   70     | Expr . MODULE Expr
   72     | Expr . LESSTHAN Expr
   73     | Expr . LESSEQUALTHAN Expr
   74     | Expr . GREATERTHAN Expr
   75     | Expr . GREATEREQUALTHAN Expr
   76     | Expr . EEQUAL Expr
   77     | Expr . DISTINCT Expr
   78     | Expr . AND Expr
   79     | Expr . OR Expr
   86 LValue: Expr . DOT ID
   87       | Expr . LBRACKET Expr RBRACKET
   89 Call: Expr . DOT ID LPAREN Actuals RPAREN

    MULTIPLICATION  shift, and go to state 134
    DIVISION        shift, and go to state 135
    MODULE          shift, and go to state 136
    DOT             shift, and go to state 145
    LBRACKET        shift, and go to state 146

    $default  reduce using rule 67 (Expr)


State 164

   66 Expr: Expr . SUM Expr
   67     | Expr . SUBTRACTION Expr
   68     | Expr . MULTIPLICATION Expr
   68     | Expr MULTIPLICATION Expr .
   69     | Expr . DIVISION Expr
   70     | Expr . MODULE Expr
   72     | Expr . LESSTHAN Expr
   73     | Expr . LESSEQUALTHAN Expr
   74     | Expr . GREATERTHAN Expr
   75     | Expr . GREATEREQUALTHAN Expr
   76     | Expr . EEQUAL Expr
   77     | Expr . DISTINCT Expr
   78     | Expr . AND Expr
   79     | Expr . OR Expr
   86 LValue: Expr . DOT ID
   87       | Expr . LBRACKET Expr RBRACKET
   89 Call: Expr . DOT ID LPAREN Actuals RPAREN

    DOT       shift, and go to state 145
    LBRACKET  shift, and go to state 146

    $default  reduce using rule 68 (Expr)


State 165

   66 Expr: Expr . SUM Expr
   67     | Expr . SUBTRACTION Expr
   68     | Expr . MULTIPLICATION Expr
   69     | Expr . DIVISION Expr
   69     | Expr DIVISION Expr .
   70     | Expr . MODULE Expr
   72     | Expr . LESSTHAN Expr
   73     | Expr . LESSEQUALTHAN Expr
   74     | Expr . GREATERTHAN Expr
   75     | Expr . GREATEREQUALTHAN Expr
   76     | Expr . EEQUAL Expr
   77     | Expr . DISTINCT Expr
   78     | Expr . AND Expr
   79     | Expr . OR Expr
   86 LValue: Expr . DOT ID
   87       | Expr . LBRACKET Expr RBRACKET
   89 Call: Expr . DOT ID LPAREN Actuals RPAREN

    DOT       shift, and go to state 145
    LBRACKET  shift, and go to state 146

    $default  reduce using rule 69 (Expr)


State 166

   66 Expr: Expr . SUM Expr
   67     | Expr . SUBTRACTION Expr
   68     | Expr . MULTIPLICATION Expr
   69     | Expr . DIVISION Expr
   70     | Expr . MODULE Expr
   70     | Expr MODULE Expr .
   72     | Expr . LESSTHAN Expr
   73     | Expr . LESSEQUALTHAN Expr
   74     | Expr . GREATERTHAN Expr
   75     | Expr . GREATEREQUALTHAN Expr
   76     | Expr . EEQUAL Expr
   77     | Expr . DISTINCT Expr
   78     | Expr . AND Expr
   79     | Expr . OR Expr
   86 LValue: Expr . DOT ID
   87       | Expr . LBRACKET Expr RBRACKET
   89 Call: Expr . DOT ID LPAREN Actuals RPAREN

    DOT       shift, and go to state 145
    LBRACKET  shift, and go to state 146

    $default  reduce using rule 70 (Expr)


State 167

   66 Expr: Expr . SUM Expr
   67     | Expr . SUBTRACTION Expr
   68     | Expr . MULTIPLICATION Expr
   69     | Expr . DIVISION Expr
   70     | Expr . MODULE Expr
   72     | Expr . LESSTHAN Expr
   72     | Expr LESSTHAN Expr .
   73     | Expr . LESSEQUALTHAN Expr
   74     | Expr . GREATERTHAN Expr
   75     | Expr . GREATEREQUALTHAN Expr
   76     | Expr . EEQUAL Expr
   77     | Expr . DISTINCT Expr
   78     | Expr . AND Expr
   79     | Expr . OR Expr
   86 LValue: Expr . DOT ID
   87       | Expr . LBRACKET Expr RBRACKET
   89 Call: Expr . DOT ID LPAREN Actuals RPAREN

    SUM             shift, and go to state 132
    SUBTRACTION     shift, and go to state 133
    MULTIPLICATION  shift, and go to state 134
    DIVISION        shift, and go to state 135
    MODULE          shift, and go to state 136
    DOT             shift, and go to state 145
    LBRACKET        shift, and go to state 146

    LESSTHAN          error (nonassociative)
    LESSEQUALTHAN     error (nonassociative)
    GREATERTHAN       error (nonassociative)
    GREATEREQUALTHAN  error (nonassociative)

    $default  reduce using rule 72 (Expr)


State 168

   66 Expr: Expr . SUM Expr
   67     | Expr . SUBTRACTION Expr
   68     | Expr . MULTIPLICATION Expr
   69     | Expr . DIVISION Expr
   70     | Expr . MODULE Expr
   72     | Expr . LESSTHAN Expr
   73     | Expr . LESSEQUALTHAN Expr
   73     | Expr LESSEQUALTHAN Expr .
   74     | Expr . GREATERTHAN Expr
   75     | Expr . GREATEREQUALTHAN Expr
   76     | Expr . EEQUAL Expr
   77     | Expr . DISTINCT Expr
   78     | Expr . AND Expr
   79     | Expr . OR Expr
   86 LValue: Expr . DOT ID
   87       | Expr . LBRACKET Expr RBRACKET
   89 Call: Expr . DOT ID LPAREN Actuals RPAREN

    SUM             shift, and go to state 132
    SUBTRACTION     shift, and go to state 133
    MULTIPLICATION  shift, and go to state 134
    DIVISION        shift, and go to state 135
    MODULE          shift, and go to state 136
    DOT             shift, and go to state 145
    LBRACKET        shift, and go to state 146

    LESSTHAN          error (nonassociative)
    LESSEQUALTHAN     error (nonassociative)
    GREATERTHAN       error (nonassociative)
    GREATEREQUALTHAN  error (nonassociative)

    $default  reduce using rule 73 (Expr)


State 169

   66 Expr: Expr . SUM Expr
   67     | Expr . SUBTRACTION Expr
   68     | Expr . MULTIPLICATION Expr
   69     | Expr . DIVISION Expr
   70     | Expr . MODULE Expr
   72     | Expr . LESSTHAN Expr
   73     | Expr . LESSEQUALTHAN Expr
   74     | Expr . GREATERTHAN Expr
   74     | Expr GREATERTHAN Expr .
   75     | Expr . GREATEREQUALTHAN Expr
   76     | Expr . EEQUAL Expr
   77     | Expr . DISTINCT Expr
   78     | Expr . AND Expr
   79     | Expr . OR Expr
   86 LValue: Expr . DOT ID
   87       | Expr . LBRACKET Expr RBRACKET
   89 Call: Expr . DOT ID LPAREN Actuals RPAREN

    SUM             shift, and go to state 132
    SUBTRACTION     shift, and go to state 133
    MULTIPLICATION  shift, and go to state 134
    DIVISION        shift, and go to state 135
    MODULE          shift, and go to state 136
    DOT             shift, and go to state 145
    LBRACKET        shift, and go to state 146

    LESSTHAN          error (nonassociative)
    LESSEQUALTHAN     error (nonassociative)
    GREATERTHAN       error (nonassociative)
    GREATEREQUALTHAN  error (nonassociative)

    $default  reduce using rule 74 (Expr)


State 170

   66 Expr: Expr . SUM Expr
   67     | Expr . SUBTRACTION Expr
   68     | Expr . MULTIPLICATION Expr
   69     | Expr . DIVISION Expr
   70     | Expr . MODULE Expr
   72     | Expr . LESSTHAN Expr
   73     | Expr . LESSEQUALTHAN Expr
   74     | Expr . GREATERTHAN Expr
   75     | Expr . GREATEREQUALTHAN Expr
   75     | Expr GREATEREQUALTHAN Expr .
   76     | Expr . EEQUAL Expr
   77     | Expr . DISTINCT Expr
   78     | Expr . AND Expr
   79     | Expr . OR Expr
   86 LValue: Expr . DOT ID
   87       | Expr . LBRACKET Expr RBRACKET
   89 Call: Expr . DOT ID LPAREN Actuals RPAREN

    SUM             shift, and go to state 132
    SUBTRACTION     shift, and go to state 133
    MULTIPLICATION  shift, and go to state 134
    DIVISION        shift, and go to state 135
    MODULE          shift, and go to state 136
    DOT             shift, and go to state 145
    LBRACKET        shift, and go to state 146

    LESSTHAN          error (nonassociative)
    LESSEQUALTHAN     error (nonassociative)
    GREATERTHAN       error (nonassociative)
    GREATEREQUALTHAN  error (nonassociative)

    $default  reduce using rule 75 (Expr)


State 171

   66 Expr: Expr . SUM Expr
   67     | Expr . SUBTRACTION Expr
   68     | Expr . MULTIPLICATION Expr
   69     | Expr . DIVISION Expr
   70     | Expr . MODULE Expr
   72     | Expr . LESSTHAN Expr
   73     | Expr . LESSEQUALTHAN Expr
   74     | Expr . GREATERTHAN Expr
   75     | Expr . GREATEREQUALTHAN Expr
   76     | Expr . EEQUAL Expr
   76     | Expr EEQUAL Expr .
   77     | Expr . DISTINCT Expr
   78     | Expr . AND Expr
   79     | Expr . OR Expr
   86 LValue: Expr . DOT ID
   87       | Expr . LBRACKET Expr RBRACKET
   89 Call: Expr . DOT ID LPAREN Actuals RPAREN

    SUM               shift, and go to state 132
    SUBTRACTION       shift, and go to state 133
    MULTIPLICATION    shift, and go to state 134
    DIVISION          shift, and go to state 135
    MODULE            shift, and go to state 136
    LESSTHAN          shift, and go to state 137
    LESSEQUALTHAN     shift, and go to state 138
    GREATERTHAN       shift, and go to state 139
    GREATEREQUALTHAN  shift, and go to state 140
    DOT               shift, and go to state 145
    LBRACKET          shift, and go to state 146

    $default  reduce using rule 76 (Expr)


State 172

   66 Expr: Expr . SUM Expr
   67     | Expr . SUBTRACTION Expr
   68     | Expr . MULTIPLICATION Expr
   69     | Expr . DIVISION Expr
   70     | Expr . MODULE Expr
   72     | Expr . LESSTHAN Expr
   73     | Expr . LESSEQUALTHAN Expr
   74     | Expr . GREATERTHAN Expr
   75     | Expr . GREATEREQUALTHAN Expr
   76     | Expr . EEQUAL Expr
   77     | Expr . DISTINCT Expr
   77     | Expr DISTINCT Expr .
   78     | Expr . AND Expr
   79     | Expr . OR Expr
   86 LValue: Expr . DOT ID
   87       | Expr . LBRACKET Expr RBRACKET
   89 Call: Expr . DOT ID LPAREN Actuals RPAREN

    SUM               shift, and go to state 132
    SUBTRACTION       shift, and go to state 133
    MULTIPLICATION    shift, and go to state 134
    DIVISION          shift, and go to state 135
    MODULE            shift, and go to state 136
    LESSTHAN          shift, and go to state 137
    LESSEQUALTHAN     shift, and go to state 138
    GREATERTHAN       shift, and go to state 139
    GREATEREQUALTHAN  shift, and go to state 140
    DOT               shift, and go to state 145
    LBRACKET          shift, and go to state 146

    $default  reduce using rule 77 (Expr)


State 173

   66 Expr: Expr . SUM Expr
   67     | Expr . SUBTRACTION Expr
   68     | Expr . MULTIPLICATION Expr
   69     | Expr . DIVISION Expr
   70     | Expr . MODULE Expr
   72     | Expr . LESSTHAN Expr
   73     | Expr . LESSEQUALTHAN Expr
   74     | Expr . GREATERTHAN Expr
   75     | Expr . GREATEREQUALTHAN Expr
   76     | Expr . EEQUAL Expr
   77     | Expr . DISTINCT Expr
   78     | Expr . AND Expr
   78     | Expr AND Expr .
   79     | Expr . OR Expr
   86 LValue: Expr . DOT ID
   87       | Expr . LBRACKET Expr RBRACKET
   89 Call: Expr . DOT ID LPAREN Actuals RPAREN

    SUM               shift, and go to state 132
    SUBTRACTION       shift, and go to state 133
    MULTIPLICATION    shift, and go to state 134
    DIVISION          shift, and go to state 135
    MODULE            shift, and go to state 136
    LESSTHAN          shift, and go to state 137
    LESSEQUALTHAN     shift, and go to state 138
    GREATERTHAN       shift, and go to state 139
    GREATEREQUALTHAN  shift, and go to state 140
    EEQUAL            shift, and go to state 141
    DISTINCT          shift, and go to state 142
    DOT               shift, and go to state 145
    LBRACKET          shift, and go to state 146

    $default  reduce using rule 78 (Expr)


State 174

   66 Expr: Expr . SUM Expr
   67     | Expr . SUBTRACTION Expr
   68     | Expr . MULTIPLICATION Expr
   69     | Expr . DIVISION Expr
   70     | Expr . MODULE Expr
   72     | Expr . LESSTHAN Expr
   73     | Expr . LESSEQUALTHAN Expr
   74     | Expr . GREATERTHAN Expr
   75     | Expr . GREATEREQUALTHAN Expr
   76     | Expr . EEQUAL Expr
   77     | Expr . DISTINCT Expr
   78     | Expr . AND Expr
   79     | Expr . OR Expr
   79     | Expr OR Expr .
   86 LValue: Expr . DOT ID
   87       | Expr . LBRACKET Expr RBRACKET
   89 Call: Expr . DOT ID LPAREN Actuals RPAREN

    SUM               shift, and go to state 132
    SUBTRACTION       shift, and go to state 133
    MULTIPLICATION    shift, and go to state 134
    DIVISION          shift, and go to state 135
    MODULE            shift, and go to state 136
    LESSTHAN          shift, and go to state 137
    LESSEQUALTHAN     shift, and go to state 138
    GREATERTHAN       shift, and go to state 139
    GREATEREQUALTHAN  shift, and go to state 140
    EEQUAL            shift, and go to state 141
    DISTINCT          shift, and go to state 142
    AND               shift, and go to state 143
    DOT               shift, and go to state 145
    LBRACKET          shift, and go to state 146

    $default  reduce using rule 79 (Expr)


State 175

   86 LValue: Expr DOT ID .
   89 Call: Expr DOT ID . LPAREN Actuals RPAREN

    LPAREN  shift, and go to state 189

    $default  reduce using rule 86 (LValue)


State 176

   66 Expr: Expr . SUM Expr
   67     | Expr . SUBTRACTION Expr
   68     | Expr . MULTIPLICATION Expr
   69     | Expr . DIVISION Expr
   70     | Expr . MODULE Expr
   72     | Expr . LESSTHAN Expr
   73     | Expr . LESSEQUALTHAN Expr
   74     | Expr . GREATERTHAN Expr
   75     | Expr . GREATEREQUALTHAN Expr
   76     | Expr . EEQUAL Expr
   77     | Expr . DISTINCT Expr
   78     | Expr . AND Expr
   79     | Expr . OR Expr
   86 LValue: Expr . DOT ID
   87       | Expr . LBRACKET Expr RBRACKET
   87       | Expr LBRACKET Expr . RBRACKET
   89 Call: Expr . DOT ID LPAREN Actuals RPAREN

    SUM               shift, and go to state 132
    SUBTRACTION       shift, and go to state 133
    MULTIPLICATION    shift, and go to state 134
    DIVISION          shift, and go to state 135
    MODULE            shift, and go to state 136
    LESSTHAN          shift, and go to state 137
    LESSEQUALTHAN     shift, and go to state 138
    GREATERTHAN       shift, and go to state 139
    GREATEREQUALTHAN  shift, and go to state 140
    EEQUAL            shift, and go to state 141
    DISTINCT          shift, and go to state 142
    AND               shift, and go to state 143
    OR                shift, and go to state 144
    DOT               shift, and go to state 145
    LBRACKET          shift, and go to state 146
    RBRACKET          shift, and go to state 190


State 177

   60 Expr: LValue EQUAL Expr .
   66     | Expr . SUM Expr
   67     | Expr . SUBTRACTION Expr
   68     | Expr . MULTIPLICATION Expr
   69     | Expr . DIVISION Expr
   70     | Expr . MODULE Expr
   72     | Expr . LESSTHAN Expr
   73     | Expr . LESSEQUALTHAN Expr
   74     | Expr . GREATERTHAN Expr
   75     | Expr . GREATEREQUALTHAN Expr
   76     | Expr . EEQUAL Expr
   77     | Expr . DISTINCT Expr
   78     | Expr . AND Expr
   79     | Expr . OR Expr
   86 LValue: Expr . DOT ID
   87       | Expr . LBRACKET Expr RBRACKET
   89 Call: Expr . DOT ID LPAREN Actuals RPAREN

    SUM               shift, and go to state 132
    SUBTRACTION       shift, and go to state 133
    MULTIPLICATION    shift, and go to state 134
    DIVISION          shift, and go to state 135
    MODULE            shift, and go to state 136
    LESSTHAN          shift, and go to state 137
    LESSEQUALTHAN     shift, and go to state 138
    GREATERTHAN       shift, and go to state 139
    GREATEREQUALTHAN  shift, and go to state 140
    EEQUAL            shift, and go to state 141
    DISTINCT          shift, and go to state 142
    AND               shift, and go to state 143
    OR                shift, and go to state 144
    DOT               shift, and go to state 145
    LBRACKET          shift, and go to state 146

    $default  reduce using rule 60 (Expr)


State 178

   33 Prototype: VOID ID LPAREN Formals RPAREN SEMICOLON Prototype .

    $default  reduce using rule 33 (Prototype)


State 179

   32 Prototype: Type ID LPAREN Formals RPAREN SEMICOLON Prototype .

    $default  reduce using rule 32 (Prototype)


State 180

   51 WhileStmt: WHILE LPAREN Expr RPAREN . Stmt

    THIS            shift, and go to state 77
    WHILE           shift, and go to state 78
    BREAK           shift, and go to state 79
    READINTEGER     shift, and go to state 80
    IF              shift, and go to state 81
    NEW             shift, and go to state 82
    READLINE        shift, and go to state 83
    NEWARRAY        shift, and go to state 84
    TNULL           shift, and go to state 85
    FOR             shift, and go to state 86
    RETURN          shift, and go to state 87
    PRINT           shift, and go to state 88
    ID              shift, and go to state 89
    CONSINTEGERDEC  shift, and go to state 90
    CONSINTEGERHEX  shift, and go to state 91
    CONSDOUBLEDEC   shift, and go to state 92
    CONSDOUBLECIEN  shift, and go to state 93
    CONSSTRING      shift, and go to state 94
    CONSBOOLEAN     shift, and go to state 95
    SUBTRACTION     shift, and go to state 96
    NEGATION        shift, and go to state 97
    LPAREN          shift, and go to state 98
    LBRACE          shift, and go to state 61

    $default  reduce using rule 59 (ExprOpcional)

    StmtBlock     go to state 99
    Stmt          go to state 191
    IfStmt        go to state 102
    WhileStmt     go to state 103
    ForStmt       go to state 104
    ReturnStmt    go to state 105
    BreakStmt     go to state 106
    PrintStmt     go to state 107
    ExprOpcional  go to state 108
    Expr          go to state 109
    LValue        go to state 110
    Call          go to state 111
    Constant      go to state 112


State 181

   48 IfStmt: IF LPAREN Expr RPAREN . Stmt ElseStmt

    THIS            shift, and go to state 77
    WHILE           shift, and go to state 78
    BREAK           shift, and go to state 79
    READINTEGER     shift, and go to state 80
    IF              shift, and go to state 81
    NEW             shift, and go to state 82
    READLINE        shift, and go to state 83
    NEWARRAY        shift, and go to state 84
    TNULL           shift, and go to state 85
    FOR             shift, and go to state 86
    RETURN          shift, and go to state 87
    PRINT           shift, and go to state 88
    ID              shift, and go to state 89
    CONSINTEGERDEC  shift, and go to state 90
    CONSINTEGERHEX  shift, and go to state 91
    CONSDOUBLEDEC   shift, and go to state 92
    CONSDOUBLECIEN  shift, and go to state 93
    CONSSTRING      shift, and go to state 94
    CONSBOOLEAN     shift, and go to state 95
    SUBTRACTION     shift, and go to state 96
    NEGATION        shift, and go to state 97
    LPAREN          shift, and go to state 98
    LBRACE          shift, and go to state 61

    $default  reduce using rule 59 (ExprOpcional)

    StmtBlock     go to state 99
    Stmt          go to state 192
    IfStmt        go to state 102
    WhileStmt     go to state 103
    ForStmt       go to state 104
    ReturnStmt    go to state 105
    BreakStmt     go to state 106
    PrintStmt     go to state 107
    ExprOpcional  go to state 108
    Expr          go to state 109
    LValue        go to state 110
    Call          go to state 111
    Constant      go to state 112


State 182

   83 Expr: NEW LPAREN ID RPAREN .

    $default  reduce using rule 83 (Expr)


State 183

   84 Expr: NEWARRAY LPAREN Expr COMMA . Type RPAREN

    STRING  shift, and go to state 3
    INT     shift, and go to state 4
    DOUBLE  shift, and go to state 5
    BOOL    shift, and go to state 7

    Type  go to state 193


State 184

   52 ForStmt: FOR LPAREN ExprOpcional SEMICOLON . ExprOpcional SEMICOLON ExprOpcional RPAREN Stmt

    THIS            shift, and go to state 77
    READINTEGER     shift, and go to state 80
    NEW             shift, and go to state 82
    READLINE        shift, and go to state 83
    NEWARRAY        shift, and go to state 84
    TNULL           shift, and go to state 85
    ID              shift, and go to state 89
    CONSINTEGERDEC  shift, and go to state 90
    CONSINTEGERHEX  shift, and go to state 91
    CONSDOUBLEDEC   shift, and go to state 92
    CONSDOUBLECIEN  shift, and go to state 93
    CONSSTRING      shift, and go to state 94
    CONSBOOLEAN     shift, and go to state 95
    SUBTRACTION     shift, and go to state 96
    NEGATION        shift, and go to state 97
    LPAREN          shift, and go to state 98

    $default  reduce using rule 59 (ExprOpcional)

    ExprOpcional  go to state 194
    Expr          go to state 109
    LValue        go to state 110
    Call          go to state 111
    Constant      go to state 112


State 185

   56 OtraExpr: COMMA . Expr OtraExpr

    THIS            shift, and go to state 77
    READINTEGER     shift, and go to state 80
    NEW             shift, and go to state 82
    READLINE        shift, and go to state 83
    NEWARRAY        shift, and go to state 84
    TNULL           shift, and go to state 85
    ID              shift, and go to state 89
    CONSINTEGERDEC  shift, and go to state 90
    CONSINTEGERHEX  shift, and go to state 91
    CONSDOUBLEDEC   shift, and go to state 92
    CONSDOUBLECIEN  shift, and go to state 93
    CONSSTRING      shift, and go to state 94
    CONSBOOLEAN     shift, and go to state 95
    SUBTRACTION     shift, and go to state 96
    NEGATION        shift, and go to state 97
    LPAREN          shift, and go to state 98

    Expr      go to state 195
    LValue    go to state 110
    Call      go to state 111
    Constant  go to state 112


State 186

   55 PrintStmt: PRINT LPAREN Expr OtraExpr . RPAREN SEMICOLON

    RPAREN  shift, and go to state 196


State 187

   90 Actuals: Expr OtraExpr .

    $default  reduce using rule 90 (Actuals)


State 188

   88 Call: ID LPAREN Actuals RPAREN .

    $default  reduce using rule 88 (Call)


State 189

   89 Call: Expr DOT ID LPAREN . Actuals RPAREN

    THIS            shift, and go to state 77
    READINTEGER     shift, and go to state 80
    NEW             shift, and go to state 82
    READLINE        shift, and go to state 83
    NEWARRAY        shift, and go to state 84
    TNULL           shift, and go to state 85
    ID              shift, and go to state 89
    CONSINTEGERDEC  shift, and go to state 90
    CONSINTEGERHEX  shift, and go to state 91
    CONSDOUBLEDEC   shift, and go to state 92
    CONSDOUBLECIEN  shift, and go to state 93
    CONSSTRING      shift, and go to state 94
    CONSBOOLEAN     shift, and go to state 95
    SUBTRACTION     shift, and go to state 96
    NEGATION        shift, and go to state 97
    LPAREN          shift, and go to state 98

    $default  reduce using rule 91 (Actuals)

    Expr      go to state 159
    LValue    go to state 110
    Call      go to state 111
    Actuals   go to state 197
    Constant  go to state 112


State 190

   87 LValue: Expr LBRACKET Expr RBRACKET .

    $default  reduce using rule 87 (LValue)


State 191

   51 WhileStmt: WHILE LPAREN Expr RPAREN Stmt .

    $default  reduce using rule 51 (WhileStmt)


State 192

   48 IfStmt: IF LPAREN Expr RPAREN Stmt . ElseStmt

    ELSE  shift, and go to state 198

    $default  reduce using rule 50 (ElseStmt)

    ElseStmt  go to state 199


State 193

   14 Type: Type . LBRACKET RBRACKET
   84 Expr: NEWARRAY LPAREN Expr COMMA Type . RPAREN

    LBRACKET  shift, and go to state 24
    RPAREN    shift, and go to state 200


State 194

   52 ForStmt: FOR LPAREN ExprOpcional SEMICOLON ExprOpcional . SEMICOLON ExprOpcional RPAREN Stmt

    SEMICOLON  shift, and go to state 201


State 195

   56 OtraExpr: COMMA Expr . OtraExpr
   66 Expr: Expr . SUM Expr
   67     | Expr . SUBTRACTION Expr
   68     | Expr . MULTIPLICATION Expr
   69     | Expr . DIVISION Expr
   70     | Expr . MODULE Expr
   72     | Expr . LESSTHAN Expr
   73     | Expr . LESSEQUALTHAN Expr
   74     | Expr . GREATERTHAN Expr
   75     | Expr . GREATEREQUALTHAN Expr
   76     | Expr . EEQUAL Expr
   77     | Expr . DISTINCT Expr
   78     | Expr . AND Expr
   79     | Expr . OR Expr
   86 LValue: Expr . DOT ID
   87       | Expr . LBRACKET Expr RBRACKET
   89 Call: Expr . DOT ID LPAREN Actuals RPAREN

    SUM               shift, and go to state 132
    SUBTRACTION       shift, and go to state 133
    MULTIPLICATION    shift, and go to state 134
    DIVISION          shift, and go to state 135
    MODULE            shift, and go to state 136
    LESSTHAN          shift, and go to state 137
    LESSEQUALTHAN     shift, and go to state 138
    GREATERTHAN       shift, and go to state 139
    GREATEREQUALTHAN  shift, and go to state 140
    EEQUAL            shift, and go to state 141
    DISTINCT          shift, and go to state 142
    AND               shift, and go to state 143
    OR                shift, and go to state 144
    COMMA             shift, and go to state 185
    DOT               shift, and go to state 145
    LBRACKET          shift, and go to state 146

    $default  reduce using rule 57 (OtraExpr)

    OtraExpr  go to state 202


State 196

   55 PrintStmt: PRINT LPAREN Expr OtraExpr RPAREN . SEMICOLON

    SEMICOLON  shift, and go to state 203


State 197

   89 Call: Expr DOT ID LPAREN Actuals . RPAREN

    RPAREN  shift, and go to state 204


State 198

   49 ElseStmt: ELSE . Stmt

    THIS            shift, and go to state 77
    WHILE           shift, and go to state 78
    BREAK           shift, and go to state 79
    READINTEGER     shift, and go to state 80
    IF              shift, and go to state 81
    NEW             shift, and go to state 82
    READLINE        shift, and go to state 83
    NEWARRAY        shift, and go to state 84
    TNULL           shift, and go to state 85
    FOR             shift, and go to state 86
    RETURN          shift, and go to state 87
    PRINT           shift, and go to state 88
    ID              shift, and go to state 89
    CONSINTEGERDEC  shift, and go to state 90
    CONSINTEGERHEX  shift, and go to state 91
    CONSDOUBLEDEC   shift, and go to state 92
    CONSDOUBLECIEN  shift, and go to state 93
    CONSSTRING      shift, and go to state 94
    CONSBOOLEAN     shift, and go to state 95
    SUBTRACTION     shift, and go to state 96
    NEGATION        shift, and go to state 97
    LPAREN          shift, and go to state 98
    LBRACE          shift, and go to state 61

    $default  reduce using rule 59 (ExprOpcional)

    StmtBlock     go to state 99
    Stmt          go to state 205
    IfStmt        go to state 102
    WhileStmt     go to state 103
    ForStmt       go to state 104
    ReturnStmt    go to state 105
    BreakStmt     go to state 106
    PrintStmt     go to state 107
    ExprOpcional  go to state 108
    Expr          go to state 109
    LValue        go to state 110
    Call          go to state 111
    Constant      go to state 112


State 199

   48 IfStmt: IF LPAREN Expr RPAREN Stmt ElseStmt .

    $default  reduce using rule 48 (IfStmt)


State 200

   84 Expr: NEWARRAY LPAREN Expr COMMA Type RPAREN .

    $default  reduce using rule 84 (Expr)


State 201

   52 ForStmt: FOR LPAREN ExprOpcional SEMICOLON ExprOpcional SEMICOLON . ExprOpcional RPAREN Stmt

    THIS            shift, and go to state 77
    READINTEGER     shift, and go to state 80
    NEW             shift, and go to state 82
    READLINE        shift, and go to state 83
    NEWARRAY        shift, and go to state 84
    TNULL           shift, and go to state 85
    ID              shift, and go to state 89
    CONSINTEGERDEC  shift, and go to state 90
    CONSINTEGERHEX  shift, and go to state 91
    CONSDOUBLEDEC   shift, and go to state 92
    CONSDOUBLECIEN  shift, and go to state 93
    CONSSTRING      shift, and go to state 94
    CONSBOOLEAN     shift, and go to state 95
    SUBTRACTION     shift, and go to state 96
    NEGATION        shift, and go to state 97
    LPAREN          shift, and go to state 98

    $default  reduce using rule 59 (ExprOpcional)

    ExprOpcional  go to state 206
    Expr          go to state 109
    LValue        go to state 110
    Call          go to state 111
    Constant      go to state 112


State 202

   56 OtraExpr: COMMA Expr OtraExpr .

    $default  reduce using rule 56 (OtraExpr)


State 203

   55 PrintStmt: PRINT LPAREN Expr OtraExpr RPAREN SEMICOLON .

    $default  reduce using rule 55 (PrintStmt)


State 204

   89 Call: Expr DOT ID LPAREN Actuals RPAREN .

    $default  reduce using rule 89 (Call)


State 205

   49 ElseStmt: ELSE Stmt .

    $default  reduce using rule 49 (ElseStmt)


State 206

   52 ForStmt: FOR LPAREN ExprOpcional SEMICOLON ExprOpcional SEMICOLON ExprOpcional . RPAREN Stmt

    RPAREN  shift, and go to state 207


State 207

   52 ForStmt: FOR LPAREN ExprOpcional SEMICOLON ExprOpcional SEMICOLON ExprOpcional RPAREN . Stmt

    THIS            shift, and go to state 77
    WHILE           shift, and go to state 78
    BREAK           shift, and go to state 79
    READINTEGER     shift, and go to state 80
    IF              shift, and go to state 81
    NEW             shift, and go to state 82
    READLINE        shift, and go to state 83
    NEWARRAY        shift, and go to state 84
    TNULL           shift, and go to state 85
    FOR             shift, and go to state 86
    RETURN          shift, and go to state 87
    PRINT           shift, and go to state 88
    ID              shift, and go to state 89
    CONSINTEGERDEC  shift, and go to state 90
    CONSINTEGERHEX  shift, and go to state 91
    CONSDOUBLEDEC   shift, and go to state 92
    CONSDOUBLECIEN  shift, and go to state 93
    CONSSTRING      shift, and go to state 94
    CONSBOOLEAN     shift, and go to state 95
    SUBTRACTION     shift, and go to state 96
    NEGATION        shift, and go to state 97
    LPAREN          shift, and go to state 98
    LBRACE          shift, and go to state 61

    $default  reduce using rule 59 (ExprOpcional)

    StmtBlock     go to state 99
    Stmt          go to state 208
    IfStmt        go to state 102
    WhileStmt     go to state 103
    ForStmt       go to state 104
    ReturnStmt    go to state 105
    BreakStmt     go to state 106
    PrintStmt     go to state 107
    ExprOpcional  go to state 108
    Expr          go to state 109
    LValue        go to state 110
    Call          go to state 111
    Constant      go to state 112


State 208

   52 ForStmt: FOR LPAREN ExprOpcional SEMICOLON ExprOpcional SEMICOLON ExprOpcional RPAREN Stmt .

    $default  reduce using rule 52 (ForStmt)
